Number of frames: 180
Generating struct with fields: Centroid, TrackingPoints, AverageRadius, SurfaceArea, Volume, FourierPoints, FourierFitX, FourierFitY, xData, yData, Area, Perimeter, PerimeterPoints
------------------------------
Skipping analysis of frame 1
------------------------------
Starting analysis of frame 2
Centroid: 495.6642      394.0204
Area: 105755
Perimeter Length: 1152.357
Generating 50 periemter points
Elapsed time is 0.427978 seconds.
Perimeter point generation complete
Tracking Points:
  679.6905  394.0204
  679.0004  417.1811
  674.0004  439.8093
  665.6710  461.3308
  655.2488  481.7527
  642.3836  500.6182
  627.8500  518.1510
  612.1607  534.8404
  594.6523  550.0007
  574.2391  561.0005
  552.5188  569.0007
  529.9972  574.0000
  507.1134  576.0003
  484.2150  576.0005
  461.5219  573.0007
  439.1347  568.0003
  417.5598  560.0007
  397.1899  549.1911
  379.0195  535.0197
  362.7933  518.7945
  347.5962  501.5981
  335.9995  481.7968
  326.1391  461.1401
  317.7096  439.7114
  311.9995  417.2226
  310.9999  394.0204
  313.9367  371.0629
  318.9994  348.6606
  325.3929  326.6052
  335.1963  305.8024
  348.1523  286.8467
  362.7722  269.2264
  379.8290  253.9996
  397.5620  239.4360
  417.5406  227.9993
  439.1215  219.9997
  461.4316  214.5664
  484.1496  210.9997
  507.1160  211.9997
  529.8143  214.9996
  552.2070  219.9995
  574.1759  227.1747
  594.4154  238.4135
  612.6322  252.6304
  628.3871  269.3853
  642.9854  286.9853
  655.9198  305.9192
  665.0001  326.9756
  672.0005  348.7449
  677.9877  370.9876

Average Radius: 183.0361
Fitting Fourier Series to mask perimeter for frame: 2
Generating 384 periemter points
Elapsed time is 1.591037 seconds.
Perimeter point generation complete
Number of Perimeter Fourier Fit Points: 384
Minimum Arc Length: 3
(Max) Number of Terms in Fit: 40
Adaptive Number of Terms (T/F): 0
Beginning Fit
Creating X and Y Fourier function files with 40 number of terms
{Error using <a href="matlab:matlab.internal.language.introspective.errorDocCallback('fprintf')" style="font-weight:bold">fprintf</a>
Invalid file identifier. Use fopen to generate a valid file identifier.

Error in <a href="matlab:matlab.internal.language.introspective.errorDocCallback('bubbleTrack>createFourierFunc', 'D:\Aditya\Research Stuff\TEMA Replacement\main\bubbleTrack.m', 254)" style="font-weight:bold">bubbleTrack>createFourierFunc</a> (<a href="matlab: opentoline('D:\Aditya\Research Stuff\TEMA Replacement\main\bubbleTrack.m',254,0)">line 254</a>)
fprintf(xFile, "function y = " + xName + "\n \n");

Error in <a href="matlab:matlab.internal.language.introspective.errorDocCallback('bubbleTrack>fourierFit', 'D:\Aditya\Research Stuff\TEMA Replacement\main\bubbleTrack.m', 216)" style="font-weight:bold">bubbleTrack>fourierFit</a> (<a href="matlab: opentoline('D:\Aditya\Research Stuff\TEMA Replacement\main\bubbleTrack.m',216,0)">line 216</a>)
[functionNameX, functionNameY] = createFourierFunc(numberTerms);

Error in <a href="matlab:matlab.internal.language.introspective.errorDocCallback('bubbleTrack', 'D:\Aditya\Research Stuff\TEMA Replacement\main\bubbleTrack.m', 90)" style="font-weight:bold">bubbleTrack</a> (<a href="matlab: opentoline('D:\Aditya\Research Stuff\TEMA Replacement\main\bubbleTrack.m',90,0)">line 90</a>)
            [xFit, yFit, xData, yData] = fourierFit(xVals, yVals, arcLength, numberTerms, adaptiveTerms);

Error in <a href="matlab:matlab.internal.language.introspective.errorDocCallback('InCA/BeginBubbleAnalysisButtonPushed', 'D:\Aditya\Research Stuff\TEMA Replacement\InCA.mlapp', 456)" style="font-weight:bold">InCA/BeginBubbleAnalysisButtonPushed</a> (<a href="matlab: opentoline('D:\Aditya\Research Stuff\TEMA Replacement\InCA.mlapp',456,0)">line 456</a>)
            app.maskInformation = bubbleTrack(app, app.mask, app.MinArcLengthSpinner.Value,
            app.FitFourierSeriestoPointsCheckBox.Value, ...
} 
Error using <a href="matlab:matlab.internal.language.introspective.errorDocCallback('matlab.ui.control.internal.controller.ComponentController/executeUserCallback', 'D:\Aditya\MATLAB\toolbox\matlab\uicomponents\uicomponents\+matlab\+ui\+control\+internal\+controller\ComponentController.m', 382)" style="font-weight:bold">matlab.ui.control.internal.controller.ComponentController/executeUserCallback</a> (<a href="matlab: opentoline('D:\Aditya\MATLAB\toolbox\matlab\uicomponents\uicomponents\+matlab\+ui\+control\+internal\+controller\ComponentController.m',382,0)">line 382</a>)
Error while evaluating Button PrivateButtonPushedFcn.

