------------------------------
Generating mask for frame 1
Generating gray mask
<a href="matlab: opentoline('D:\Aditya\Research Stuff\InCA\main\bubbleIsolation.m',140,1)">140 </a>grayImg = bwmorph(bwmorph(bwmorph(imclearborder(imcomplement(imbinarize(imgaussfilt(targetImage), graythresh(targetImage)*1.125))), 'clean'), 'diag'), 'bridge');
if system_dependent('IsDebugMode')==1, dbcont; end
Number of objects before isolation: 0
No gray mask generated for frame 1
Generating edge mask
if system_dependent('IsDebugMode')==1, dbcont; end
Number of objects before isolation: 0
No edge mask generated for frame 1
if system_dependent('IsDebugMode')==1, dbcont; end
Final mask assigned for frame 1
------------------------------
Generating mask for frame 2
Generating gray mask
if system_dependent('IsDebugMode')==1, dbstep; end
imshow(grayImg)
imshow(targetImage)
imshow(imbinarize(targetImage, graythresh(targetImage).*1.125))
imshow(imbinarize(targetImage, graythresh(targetImage).*1.25))
imshow(imbinarize(targetImage, graythresh(targetImage)))
if system_dependent('IsDebugMode')==1, dbquit all; end
clc
mask = bubbleIsolation(0, frames);
