------------------------------
Generating mask for frame 1
Generating gray mask
Number of objects before isolation: 5
Size index: 3
Closest object index: 1
Lowest pixel average object index: 3
Most significant object index: 3
Final object index: 3
Gray mask generated
Generating edge mask
Number of objects before isolation: 11
Size index: 4
Closest object index: 1
Lowest pixel average object index: 4
Most significant object index: 4
Final object index: 4
Edge mask generated
Final mask assigned for frame 1
------------------------------
Generating mask for frame 2
Generating gray mask
Number of objects before isolation: 4
Size index: 3
Closest object index: 1
Lowest pixel average object index: 3
Most significant object index: 3
Final object index: 3
Gray mask generated
Generating edge mask
Number of objects before isolation: 2
Size index: 2
Closest object index: 1
Lowest pixel average object index: 2
Most significant object index: 2
Final object index: 2
Edge mask generated
Final mask assigned for frame 2
------------------------------
Generating mask for frame 3
Generating gray mask
Number of objects before isolation: 1
Gray mask generated
Generating edge mask
Number of objects before isolation: 1
Edge mask generated
Final mask assigned for frame 3
------------------------------
Generating mask for frame 4
Generating gray mask
Number of objects before isolation: 1
Gray mask generated
Generating edge mask
Number of objects before isolation: 4
Size index: 2
Closest object index: 1
Lowest pixel average object index: 2
Most significant object index: 2
Final object index: 2
Edge mask generated
Size index: 1
Closest object index: 1
Lowest pixel average object index: 1
Most significant object index: 1
Final object index: 1
Final mask assigned for frame 4
------------------------------
Generating mask for frame 5
Generating gray mask
Number of objects before isolation: 1
Gray mask generated
Generating edge mask
Number of objects before isolation: 3
Size index: 2
Closest object index: 1
Lowest pixel average object index: 2
Most significant object index: 2
Final object index: 2
Edge mask generated
Size index: 1
Closest object index: 1
Lowest pixel average object index: 1
Most significant object index: 1
Final object index: 1
Final mask assigned for frame 5
------------------------------
Generating mask for frame 6
Generating gray mask
Number of objects before isolation: 4
Size index: 3
Closest object index: 1
Lowest pixel average object index: 3
Most significant object index: 3
Final object index: 3
Gray mask generated
Generating edge mask
Number of objects before isolation: 1
Edge mask generated
Final mask assigned for frame 6
------------------------------
Generating mask for frame 7
Generating gray mask
Number of objects before isolation: 1
Gray mask generated
Generating edge mask
Number of objects before isolation: 8
Size index: 7
Closest object index: 1
Lowest pixel average object index: 7
Most significant object index: 7
Final object index: 7
Edge mask generated
Size index: 1
Closest object index: 1
Lowest pixel average object index: 1
Most significant object index: 1
Final object index: 1
Final mask assigned for frame 7
------------------------------
Generating mask for frame 8
Generating gray mask
Number of objects before isolation: 6
Size index: 4
Closest object index: 1
Lowest pixel average object index: 4
Most significant object index: 4
Final object index: 4
Gray mask generated
Generating edge mask
Number of objects before isolation: 1
Edge mask generated
Final mask assigned for frame 8
------------------------------
Generating mask for frame 9
Generating gray mask
Number of objects before isolation: 6
Size index: 4
Closest object index: 1
Lowest pixel average object index: 4
Most significant object index: 4
Final object index: 4
Gray mask generated
Generating edge mask
Number of objects before isolation: 1
Edge mask generated
Final mask assigned for frame 9
------------------------------
Generating mask for frame 10
Generating gray mask
Number of objects before isolation: 5
Size index: 3
Closest object index: 1
Lowest pixel average object index: 3
Most significant object index: 3
Final object index: 3
Gray mask generated
Generating edge mask
Number of objects before isolation: 1
Edge mask generated
Final mask assigned for frame 10
------------------------------
Generating mask for frame 11
Generating gray mask
Number of objects before isolation: 15
Size index: 2
Closest object index: 1
Lowest pixel average object index: 2
Most significant object index: 2
Final object index: 2
Gray mask generated
Generating edge mask
Number of objects before isolation: 1
Edge mask generated
Final mask assigned for frame 11
------------------------------
Generating mask for frame 12
Generating gray mask
Number of objects before isolation: 18
Size index: 4
Closest object index: 1
Lowest pixel average object index: 4
Most significant object index: 4
Final object index: 4
Gray mask generated
Generating edge mask
Number of objects before isolation: 10
Size index: 5
Closest object index: 1
Lowest pixel average object index: 5
Most significant object index: 5
Final object index: 5
Edge mask generated
Final mask assigned for frame 12
------------------------------
Generating mask for frame 13
Generating gray mask
Number of objects before isolation: 16
Size index: 1
Closest object index: 1
Lowest pixel average object index: 1
Most significant object index: 1
Final object index: 1
Gray mask generated
Generating edge mask
Number of objects before isolation: 3
Size index: 3
Closest object index: 1
Lowest pixel average object index: 3
Most significant object index: 3
Final object index: 3
Edge mask generated
Final mask assigned for frame 13
------------------------------
Generating mask for frame 14
Generating gray mask
Number of objects before isolation: 13
Size index: 1
Closest object index: 1
Lowest pixel average object index: 1
Most significant object index: 1
Final object index: 1
Gray mask generated
Generating edge mask
Number of objects before isolation: 1
Edge mask generated
Final mask assigned for frame 14
------------------------------
Generating mask for frame 15
Generating gray mask
Number of objects before isolation: 13
Size index: 1
Closest object index: 1
Lowest pixel average object index: 1
Most significant object index: 1
Final object index: 1
Gray mask generated
Generating edge mask
Number of objects before isolation: 1
Edge mask generated
Final mask assigned for frame 15
------------------------------
Generating mask for frame 16
Generating gray mask
Number of objects before isolation: 16
Size index: 2
Closest object index: 1
Lowest pixel average object index: 2
Most significant object index: 2
Final object index: 2
Gray mask generated
Generating edge mask
Number of objects before isolation: 1
Edge mask generated
Final mask assigned for frame 16
------------------------------
Generating mask for frame 17
Generating gray mask
Number of objects before isolation: 16
Size index: 1
Closest object index: 1
Lowest pixel average object index: 1
Most significant object index: 1
Final object index: 1
Gray mask generated
Generating edge mask
Number of objects before isolation: 5
Size index: 3
Closest object index: 1
Lowest pixel average object index: 3
Most significant object index: 3
Final object index: 3
Edge mask generated
Final mask assigned for frame 17
------------------------------
Generating mask for frame 18
Generating gray mask
Number of objects before isolation: 17
Size index: 4
Closest object index: 1
Lowest pixel average object index: 4
Most significant object index: 4
Final object index: 4
Gray mask generated
Generating edge mask
Number of objects before isolation: 2
Size index: 1
Closest object index: 1
Lowest pixel average object index: 1
Most significant object index: 1
Final object index: 1
Edge mask generated
Final mask assigned for frame 18
------------------------------
Generating mask for frame 19
Generating gray mask
Number of objects before isolation: 16
Size index: 2
Closest object index: 1
Lowest pixel average object index: 2
Most significant object index: 2
Final object index: 2
Gray mask generated
Generating edge mask
Number of objects before isolation: 1
Edge mask generated
Final mask assigned for frame 19
------------------------------
Generating mask for frame 20
Generating gray mask
Number of objects before isolation: 13
Size index: 1
Closest object index: 1
Lowest pixel average object index: 1
Most significant object index: 1
Final object index: 1
Gray mask generated
Generating edge mask
Number of objects before isolation: 1
Edge mask generated
Final mask assigned for frame 20
------------------------------
Generating mask for frame 21
Generating gray mask
Number of objects before isolation: 14
Size index: 2
Closest object index: 1
Lowest pixel average object index: 2
Most significant object index: 2
Final object index: 2
Gray mask generated
Generating edge mask
Number of objects before isolation: 1
Edge mask generated
Final mask assigned for frame 21
------------------------------
Generating mask for frame 22
Generating gray mask
Number of objects before isolation: 13
Size index: 1
Closest object index: 1
Lowest pixel average object index: 5
Most significant object index: 1
Final object index: 1
Gray mask generated
Generating edge mask
Number of objects before isolation: 1
Edge mask generated
Final mask assigned for frame 22
------------------------------
Generating mask for frame 23
Generating gray mask
Number of objects before isolation: 12
Size index: 1
Closest object index: 1
Lowest pixel average object index: 1
Most significant object index: 1
Final object index: 1
Gray mask generated
Generating edge mask
Number of objects before isolation: 1
Edge mask generated
Final mask assigned for frame 23
------------------------------
Generating mask for frame 24
Generating gray mask
Number of objects before isolation: 12
Size index: 1
Closest object index: 1
Lowest pixel average object index: 1
Most significant object index: 1
Final object index: 1
Gray mask generated
Generating edge mask
Number of objects before isolation: 1
Edge mask generated
Final mask assigned for frame 24
------------------------------
Generating mask for frame 25
Generating gray mask
Number of objects before isolation: 11
Size index: 1
Closest object index: 1
Lowest pixel average object index: 1
Most significant object index: 1
Final object index: 1
Gray mask generated
Generating edge mask
Number of objects before isolation: 1
Edge mask generated
Final mask assigned for frame 25
------------------------------
Generating mask for frame 26
Generating gray mask
Number of objects before isolation: 11
Size index: 1
Closest object index: 1
Lowest pixel average object index: 1
Most significant object index: 1
Final object index: 1
Gray mask generated
Generating edge mask
Number of objects before isolation: 1
Edge mask generated
Final mask assigned for frame 26
------------------------------
Generating mask for frame 27
Generating gray mask
Number of objects before isolation: 10
Size index: 1
Closest object index: 1
Lowest pixel average object index: 1
Most significant object index: 1
Final object index: 1
Gray mask generated
Generating edge mask
Number of objects before isolation: 1
Edge mask generated
Final mask assigned for frame 27
------------------------------
Generating mask for frame 28
Generating gray mask
Number of objects before isolation: 10
Size index: 1
Closest object index: 1
Lowest pixel average object index: 1
Most significant object index: 1
Final object index: 1
Gray mask generated
Generating edge mask
Number of objects before isolation: 3
Size index: 1
Closest object index: 1
Lowest pixel average object index: 1
Most significant object index: 1
Final object index: 1
Edge mask generated
Final mask assigned for frame 28
------------------------------
Generating mask for frame 29
Generating gray mask
Number of objects before isolation: 10
Size index: 1
Closest object index: 1
Lowest pixel average object index: 1
Most significant object index: 1
Final object index: 1
Gray mask generated
Generating edge mask
Number of objects before isolation: 4
Size index: 2
Closest object index: 1
Lowest pixel average object index: 2
Most significant object index: 2
Final object index: 2
Edge mask generated
Final mask assigned for frame 29
------------------------------
Generating mask for frame 30
Generating gray mask
Number of objects before isolation: 9
Size index: 1
Closest object index: 1
Lowest pixel average object index: 1
Most significant object index: 1
Final object index: 1
Gray mask generated
Generating edge mask
Number of objects before isolation: 7
Size index: 4
Closest object index: 1
Lowest pixel average object index: 4
Most significant object index: 4
Final object index: 4
Edge mask generated
Final mask assigned for frame 30
------------------------------
Generating mask for frame 31
Generating gray mask
Number of objects before isolation: 8
Size index: 1
Closest object index: 1
Lowest pixel average object index: 1
Most significant object index: 1
Final object index: 1
Gray mask generated
Generating edge mask
Number of objects before isolation: 4
Size index: 3
Closest object index: 1
Lowest pixel average object index: 3
Most significant object index: 3
Final object index: 3
Edge mask generated
Final mask assigned for frame 31
------------------------------
Generating mask for frame 32
Generating gray mask
Number of objects before isolation: 11
Size index: 1
Closest object index: 1
Lowest pixel average object index: 1
Most significant object index: 1
Final object index: 1
Gray mask generated
Generating edge mask
Number of objects before isolation: 1
Edge mask generated
Final mask assigned for frame 32
------------------------------
Generating mask for frame 33
Generating gray mask
Number of objects before isolation: 9
Size index: 1
Closest object index: 1
Lowest pixel average object index: 1
Most significant object index: 1
Final object index: 1
Gray mask generated
Generating edge mask
Number of objects before isolation: 3
Size index: 2
Closest object index: 1
Lowest pixel average object index: 3
Most significant object index: 3
Resorting to fallback: Object Circularity
Final object index: 1
Edge mask generated
Final mask assigned for frame 33
------------------------------
Generating mask for frame 34
Generating gray mask
Number of objects before isolation: 9
Size index: 1
Closest object index: 1
Lowest pixel average object index: 1
Most significant object index: 1
Final object index: 1
Gray mask generated
Generating edge mask
Number of objects before isolation: 2
Size index: 2
Closest object index: 1
Lowest pixel average object index: 1
Most significant object index: 1
Final object index: 1
Edge mask generated
Final mask assigned for frame 34
------------------------------
Generating mask for frame 35
Generating gray mask
Number of objects before isolation: 6
Size index: 1
Closest object index: 1
Lowest pixel average object index: 1
Most significant object index: 1
Final object index: 1
Gray mask generated
Generating edge mask
Number of objects before isolation: 1
Edge mask generated
Final mask assigned for frame 35
------------------------------
Generating mask for frame 36
Generating gray mask
Number of objects before isolation: 6
Size index: 1
Closest object index: 1
Lowest pixel average object index: 1
Most significant object index: 1
Final object index: 1
Gray mask generated
Generating edge mask
Number of objects before isolation: 1
Edge mask generated
Final mask assigned for frame 36
------------------------------
Generating mask for frame 37
Generating gray mask
Number of objects before isolation: 3
Size index: 1
Closest object index: 1
Lowest pixel average object index: 1
Most significant object index: 1
Final object index: 1
Gray mask generated
Generating edge mask
Number of objects before isolation: 1
Edge mask generated
Final mask assigned for frame 37
------------------------------
Generating mask for frame 38
Generating gray mask
Number of objects before isolation: 6
Size index: 2
Closest object index: 1
Lowest pixel average object index: 2
Most significant object index: 2
Final object index: 2
Gray mask generated
Generating edge mask
Number of objects before isolation: 1
Edge mask generated
Final mask assigned for frame 38
------------------------------
Generating mask for frame 39
Generating gray mask
Number of objects before isolation: 4
Size index: 1
Closest object index: 1
Lowest pixel average object index: 1
Most significant object index: 1
Final object index: 1
Gray mask generated
Generating edge mask
Number of objects before isolation: 3
Size index: 1
Closest object index: 1
Lowest pixel average object index: 1
Most significant object index: 1
Final object index: 1
Edge mask generated
Final mask assigned for frame 39
------------------------------
Generating mask for frame 40
Generating gray mask
Number of objects before isolation: 6
Size index: 2
Closest object index: 1
Lowest pixel average object index: 2
Most significant object index: 2
Final object index: 2
Gray mask generated
Generating edge mask
Number of objects before isolation: 4
Size index: 3
Closest object index: 1
Lowest pixel average object index: 3
Most significant object index: 3
Final object index: 3
Edge mask generated
Final mask assigned for frame 40
------------------------------
Generating mask for frame 41
Generating gray mask
Number of objects before isolation: 11
Size index: 3
Closest object index: 1
Lowest pixel average object index: 3
Most significant object index: 3
Final object index: 3
Gray mask generated
Generating edge mask
Number of objects before isolation: 2
Size index: 2
Closest object index: 1
Lowest pixel average object index: 2
Most significant object index: 2
Final object index: 2
Edge mask generated
Final mask assigned for frame 41
------------------------------
Generating mask for frame 42
Generating gray mask
Number of objects before isolation: 4
Size index: 1
Closest object index: 1
Lowest pixel average object index: 1
Most significant object index: 1
Final object index: 1
Gray mask generated
Generating edge mask
Number of objects before isolation: 1
Edge mask generated
Final mask assigned for frame 42
------------------------------
Generating mask for frame 43
Generating gray mask
Number of objects before isolation: 5
Size index: 1
Closest object index: 1
Lowest pixel average object index: 1
Most significant object index: 1
Final object index: 1
Gray mask generated
Generating edge mask
Number of objects before isolation: 2
Size index: 1
Closest object index: 1
Lowest pixel average object index: 1
Most significant object index: 1
Final object index: 1
Edge mask generated
Final mask assigned for frame 43
------------------------------
Generating mask for frame 44
Generating gray mask
Number of objects before isolation: 6
Size index: 2
Closest object index: 1
Lowest pixel average object index: 2
Most significant object index: 2
Final object index: 2
Gray mask generated
Generating edge mask
Number of objects before isolation: 1
Edge mask generated
Final mask assigned for frame 44
------------------------------
Generating mask for frame 45
Generating gray mask
Number of objects before isolation: 6
Size index: 1
Closest object index: 1
Lowest pixel average object index: 1
Most significant object index: 1
Final object index: 1
Gray mask generated
Generating edge mask
Number of objects before isolation: 1
Edge mask generated
Final mask assigned for frame 45
------------------------------
Generating mask for frame 46
Generating gray mask
Number of objects before isolation: 7
Size index: 2
Closest object index: 1
Lowest pixel average object index: 2
Most significant object index: 2
Final object index: 2
Gray mask generated
Generating edge mask
Number of objects before isolation: 1
Edge mask generated
Final mask assigned for frame 46
------------------------------
Generating mask for frame 47
Generating gray mask
Number of objects before isolation: 9
Size index: 2
Closest object index: 1
Lowest pixel average object index: 2
Most significant object index: 2
Final object index: 2
Gray mask generated
Generating edge mask
Number of objects before isolation: 1
Edge mask generated
Final mask assigned for frame 47
------------------------------
Generating mask for frame 48
Generating gray mask
Number of objects before isolation: 6
Size index: 2
Closest object index: 1
Lowest pixel average object index: 2
Most significant object index: 2
Final object index: 2
Gray mask generated
Generating edge mask
Number of objects before isolation: 1
Edge mask generated
Final mask assigned for frame 48
------------------------------
Generating mask for frame 49
Generating gray mask
Number of objects before isolation: 11
Size index: 2
Closest object index: 1
Lowest pixel average object index: 2
Most significant object index: 2
Final object index: 2
Gray mask generated
Generating edge mask
Number of objects before isolation: 1
Edge mask generated
Final mask assigned for frame 49
------------------------------
Generating mask for frame 50
Generating gray mask
Number of objects before isolation: 9
Size index: 4
Closest object index: 1
Lowest pixel average object index: 4
Most significant object index: 4
Final object index: 4
Gray mask generated
Generating edge mask
Number of objects before isolation: 1
Edge mask generated
Final mask assigned for frame 50
------------------------------
Generating mask for frame 51
Generating gray mask
Number of objects before isolation: 9
Size index: 3
Closest object index: 1
Lowest pixel average object index: 3
Most significant object index: 3
Final object index: 3
Gray mask generated
Generating edge mask
Number of objects before isolation: 1
Edge mask generated
Final mask assigned for frame 51
------------------------------
Generating mask for frame 52
Generating gray mask
Number of objects before isolation: 4
Size index: 2
Closest object index: 1
Lowest pixel average object index: 2
Most significant object index: 2
Final object index: 2
Gray mask generated
Generating edge mask
Number of objects before isolation: 1
Edge mask generated
Final mask assigned for frame 52
------------------------------
Generating mask for frame 53
Generating gray mask
Number of objects before isolation: 6
Size index: 3
Closest object index: 1
Lowest pixel average object index: 3
Most significant object index: 3
Final object index: 3
Gray mask generated
Generating edge mask
Number of objects before isolation: 2
Size index: 1
Closest object index: 1
Lowest pixel average object index: 1
Most significant object index: 1
Final object index: 1
Edge mask generated
Final mask assigned for frame 53
------------------------------
Generating mask for frame 54
Generating gray mask
Number of objects before isolation: 3
Size index: 2
Closest object index: 1
Lowest pixel average object index: 2
Most significant object index: 2
Final object index: 2
Gray mask generated
Generating edge mask
Number of objects before isolation: 1
Edge mask generated
Final mask assigned for frame 54
------------------------------
Generating mask for frame 55
Generating gray mask
Number of objects before isolation: 6
Size index: 2
Closest object index: 1
Lowest pixel average object index: 2
Most significant object index: 2
Final object index: 2
Gray mask generated
Generating edge mask
Number of objects before isolation: 2
Size index: 1
Closest object index: 1
Lowest pixel average object index: 1
Most significant object index: 1
Final object index: 1
Edge mask generated
Final mask assigned for frame 55
------------------------------
Generating mask for frame 56
Generating gray mask
Number of objects before isolation: 3
Size index: 2
Closest object index: 1
Lowest pixel average object index: 2
Most significant object index: 2
Final object index: 2
Gray mask generated
Generating edge mask
Number of objects before isolation: 1
Edge mask generated
Final mask assigned for frame 56
------------------------------
Generating mask for frame 57
Generating gray mask
Number of objects before isolation: 2
Size index: 2
Closest object index: 1
Lowest pixel average object index: 2
Most significant object index: 2
Final object index: 2
Gray mask generated
Generating edge mask
Number of objects before isolation: 1
Edge mask generated
Final mask assigned for frame 57
------------------------------
Generating mask for frame 58
Generating gray mask
Number of objects before isolation: 3
Size index: 2
Closest object index: 1
Lowest pixel average object index: 2
Most significant object index: 2
Final object index: 2
Gray mask generated
Generating edge mask
Number of objects before isolation: 1
Edge mask generated
Final mask assigned for frame 58
------------------------------
Generating mask for frame 59
Generating gray mask
Number of objects before isolation: 5
Size index: 3
Closest object index: 1
Lowest pixel average object index: 3
Most significant object index: 3
Final object index: 3
Gray mask generated
Generating edge mask
Number of objects before isolation: 3
Size index: 2
Closest object index: 1
Lowest pixel average object index: 2
Most significant object index: 2
Final object index: 2
Edge mask generated
Final mask assigned for frame 59
------------------------------
Generating mask for frame 60
Generating gray mask
Number of objects before isolation: 10
Size index: 6
Closest object index: 1
Lowest pixel average object index: 6
Most significant object index: 6
Final object index: 6
Gray mask generated
Generating edge mask
Number of objects before isolation: 5
Size index: 2
Closest object index: 1
Lowest pixel average object index: 2
Most significant object index: 2
Final object index: 2
Edge mask generated
Final mask assigned for frame 60
------------------------------
Generating mask for frame 61
Generating gray mask
Number of objects before isolation: 8
Size index: 3
Closest object index: 1
Lowest pixel average object index: 3
Most significant object index: 3
Final object index: 3
Gray mask generated
Generating edge mask
Number of objects before isolation: 2
Size index: 2
Closest object index: 1
Lowest pixel average object index: 2
Most significant object index: 2
Final object index: 2
Edge mask generated
Final mask assigned for frame 61
------------------------------
Generating mask for frame 62
Generating gray mask
Number of objects before isolation: 3
Size index: 2
Closest object index: 1
Lowest pixel average object index: 2
Most significant object index: 2
Final object index: 2
Gray mask generated
Generating edge mask
Number of objects before isolation: 1
Edge mask generated
Final mask assigned for frame 62
------------------------------
Generating mask for frame 63
Generating gray mask
Number of objects before isolation: 7
Size index: 5
Closest object index: 1
Lowest pixel average object index: 5
Most significant object index: 5
Final object index: 5
Gray mask generated
Generating edge mask
Number of objects before isolation: 1
Edge mask generated
Final mask assigned for frame 63
------------------------------
Generating mask for frame 64
Generating gray mask
Number of objects before isolation: 8
Size index: 5
Closest object index: 1
Lowest pixel average object index: 5
Most significant object index: 5
Final object index: 5
Gray mask generated
Generating edge mask
Number of objects before isolation: 1
Edge mask generated
Final mask assigned for frame 64
------------------------------
Generating mask for frame 65
Generating gray mask
Number of objects before isolation: 11
Size index: 9
Closest object index: 1
Lowest pixel average object index: 9
Most significant object index: 9
Final object index: 9
Gray mask generated
Generating edge mask
Number of objects before isolation: 9
Size index: 3
Closest object index: 1
Lowest pixel average object index: 3
Most significant object index: 3
Final object index: 3
Edge mask generated
Final mask assigned for frame 65
------------------------------
Generating mask for frame 66
Generating gray mask
Number of objects before isolation: 13
Size index: 10
Closest object index: 1
Lowest pixel average object index: 10
Most significant object index: 10
Final object index: 10
Gray mask generated
Generating edge mask
Number of objects before isolation: 6
Size index: 4
Closest object index: 1
Lowest pixel average object index: 4
Most significant object index: 4
Final object index: 4
Edge mask generated
Final mask assigned for frame 66
------------------------------
Generating mask for frame 67
Generating gray mask
Number of objects before isolation: 19
Size index: 10
Closest object index: 1
Lowest pixel average object index: 10
Most significant object index: 10
Final object index: 10
Gray mask generated
Generating edge mask
Number of objects before isolation: 12
Size index: 4
Closest object index: 1
Lowest pixel average object index: 4
Most significant object index: 4
Final object index: 4
Edge mask generated
Final mask assigned for frame 67
------------------------------
Generating mask for frame 68
Generating gray mask
Number of objects before isolation: 9
Size index: 6
Closest object index: 1
Lowest pixel average object index: 6
Most significant object index: 6
Final object index: 6
Gray mask generated
Generating edge mask
Number of objects before isolation: 17
Size index: 7
Closest object index: 1
Lowest pixel average object index: 7
Most significant object index: 7
Final object index: 7
Edge mask generated
Final mask assigned for frame 68
------------------------------
Generating mask for frame 69
Generating gray mask
Number of objects before isolation: 12
Size index: 3
Closest object index: 1
Lowest pixel average object index: 3
Most significant object index: 3
Final object index: 3
Gray mask generated
Generating edge mask
Number of objects before isolation: 19
Size index: 8
Closest object index: 1
Lowest pixel average object index: 8
Most significant object index: 8
Final object index: 8
Edge mask generated
Final mask assigned for frame 69
------------------------------
Generating mask for frame 70
Generating gray mask
Number of objects before isolation: 7
Size index: 3
Closest object index: 1
Lowest pixel average object index: 3
Most significant object index: 3
Final object index: 3
Gray mask generated
Generating edge mask
Number of objects before isolation: 23
Size index: 8
Closest object index: 1
Lowest pixel average object index: 8
Most significant object index: 8
Final object index: 8
Edge mask generated
Size index: 1
Closest object index: 1
Lowest pixel average object index: 1
Most significant object index: 1
Final object index: 1
Final mask assigned for frame 70
------------------------------
Generating mask for frame 71
Generating gray mask
Number of objects before isolation: 18
Size index: 11
Closest object index: 1
Lowest pixel average object index: 11
Most significant object index: 11
Final object index: 11
Gray mask generated
Generating edge mask
Number of objects before isolation: 18
Size index: 10
Closest object index: 1
Lowest pixel average object index: 10
Most significant object index: 10
Final object index: 10
Edge mask generated
Size index: 1
Closest object index: 1
Lowest pixel average object index: 1
Most significant object index: 1
Final object index: 1
Final mask assigned for frame 71
------------------------------
Generating mask for frame 72
Generating gray mask
Number of objects before isolation: 9
Size index: 3
Closest object index: 1
Lowest pixel average object index: 3
Most significant object index: 3
Final object index: 3
Gray mask generated
Generating edge mask
Number of objects before isolation: 16
Size index: 7
Closest object index: 1
Lowest pixel average object index: 7
Most significant object index: 7
Final object index: 7
Edge mask generated
Size index: 1
Closest object index: 1
Lowest pixel average object index: 1
Most significant object index: 1
Final object index: 1
Final mask assigned for frame 72
------------------------------
Generating mask for frame 73
Generating gray mask
Number of objects before isolation: 10
Size index: 3
Closest object index: 1
Lowest pixel average object index: 3
Most significant object index: 3
Final object index: 3
Gray mask generated
Generating edge mask
Number of objects before isolation: 31
Size index: 8
Closest object index: 1
Lowest pixel average object index: 8
Most significant object index: 8
Final object index: 8
Edge mask generated
Size index: 1
Closest object index: 1
Lowest pixel average object index: 1
Most significant object index: 1
Final object index: 1
Final mask assigned for frame 73
------------------------------
Generating mask for frame 74
Generating gray mask
Number of objects before isolation: 9
Size index: 3
Closest object index: 1
Lowest pixel average object index: 3
Most significant object index: 3
Final object index: 3
Gray mask generated
Generating edge mask
Number of objects before isolation: 31
Size index: 10
Closest object index: 1
Lowest pixel average object index: 10
Most significant object index: 10
Final object index: 10
Edge mask generated
Size index: 1
Closest object index: 1
Lowest pixel average object index: 1
Most significant object index: 1
Final object index: 1
Final mask assigned for frame 74
------------------------------
Generating mask for frame 75
Generating gray mask
Number of objects before isolation: 10
Size index: 3
Closest object index: 1
Lowest pixel average object index: 3
Most significant object index: 3
Final object index: 3
Gray mask generated
Generating edge mask
Number of objects before isolation: 22
Size index: 7
Closest object index: 1
Lowest pixel average object index: 7
Most significant object index: 7
Final object index: 7
Edge mask generated
Size index: 1
Closest object index: 1
Lowest pixel average object index: 1
Most significant object index: 1
Final object index: 1
Final mask assigned for frame 75
------------------------------
Generating mask for frame 76
Generating gray mask
Number of objects before isolation: 10
Size index: 3
Closest object index: 1
Lowest pixel average object index: 3
Most significant object index: 3
Final object index: 3
Gray mask generated
Generating edge mask
Number of objects before isolation: 18
Size index: 9
Closest object index: 1
Lowest pixel average object index: 9
Most significant object index: 9
Final object index: 9
Edge mask generated
Size index: 1
Closest object index: 1
Lowest pixel average object index: 1
Most significant object index: 1
Final object index: 1
Final mask assigned for frame 76
------------------------------
Generating mask for frame 77
Generating gray mask
Number of objects before isolation: 9
Size index: 4
Closest object index: 1
Lowest pixel average object index: 4
Most significant object index: 4
Final object index: 4
Gray mask generated
Generating edge mask
Number of objects before isolation: 8
Size index: 5
Closest object index: 1
Lowest pixel average object index: 5
Most significant object index: 5
Final object index: 5
Edge mask generated
Size index: 1
Closest object index: 1
Lowest pixel average object index: 1
Most significant object index: 1
Final object index: 1
Final mask assigned for frame 77
------------------------------
Generating mask for frame 78
Generating gray mask
Number of objects before isolation: 9
Size index: 4
Closest object index: 1
Lowest pixel average object index: 4
Most significant object index: 4
Final object index: 4
Gray mask generated
Generating edge mask
Number of objects before isolation: 11
Size index: 5
Closest object index: 1
Lowest pixel average object index: 5
Most significant object index: 5
Final object index: 5
Edge mask generated
Size index: 1
Closest object index: 1
Lowest pixel average object index: 1
Most significant object index: 1
Final object index: 1
Final mask assigned for frame 78
------------------------------
Generating mask for frame 79
Generating gray mask
Number of objects before isolation: 8
Size index: 4
Closest object index: 1
Lowest pixel average object index: 4
Most significant object index: 4
Final object index: 4
Gray mask generated
Generating edge mask
Number of objects before isolation: 12
Size index: 6
Closest object index: 1
Lowest pixel average object index: 6
Most significant object index: 6
Final object index: 6
Edge mask generated
Size index: 1
Closest object index: 1
Lowest pixel average object index: 1
Most significant object index: 1
Final object index: 1
Final mask assigned for frame 79
------------------------------
Generating mask for frame 80
Generating gray mask
Number of objects before isolation: 8
Size index: 5
Closest object index: 1
Lowest pixel average object index: 5
Most significant object index: 5
Final object index: 5
Gray mask generated
Generating edge mask
Number of objects before isolation: 16
Size index: 6
Closest object index: 1
Lowest pixel average object index: 6
Most significant object index: 6
Final object index: 6
Edge mask generated
Size index: 1
Closest object index: 1
Lowest pixel average object index: 1
Most significant object index: 1
Final object index: 1
Final mask assigned for frame 80
------------------------------
Generating mask for frame 81
Generating gray mask
Number of objects before isolation: 3
Size index: 1
Closest object index: 1
Lowest pixel average object index: 1
Most significant object index: 1
Final object index: 1
Gray mask generated
Generating edge mask
Number of objects before isolation: 4
Size index: 3
Closest object index: 1
Lowest pixel average object index: 3
Most significant object index: 3
Final object index: 3
Edge mask generated
Size index: 1
Closest object index: 1
Lowest pixel average object index: 1
Most significant object index: 1
Final object index: 1
Final mask assigned for frame 81
------------------------------
Generating mask for frame 82
Generating gray mask
Number of objects before isolation: 4
Size index: 3
Closest object index: 1
Lowest pixel average object index: 3
Most significant object index: 3
Final object index: 3
Gray mask generated
Generating edge mask
Number of objects before isolation: 6
Size index: 3
Closest object index: 1
Lowest pixel average object index: 2
Most significant object index: 2
Resorting to fallback: Object Circularity
Final object index: 3
Edge mask generated
Final mask assigned for frame 82
------------------------------
Generating mask for frame 83
Generating gray mask
Number of objects before isolation: 7
Size index: 3
Closest object index: 1
Lowest pixel average object index: 3
Most significant object index: 3
Final object index: 3
Gray mask generated
Generating edge mask
Number of objects before isolation: 27
Size index: 16
Closest object index: 1
Lowest pixel average object index: 23
Most significant object index: 8
Resorting to fallback: Object Circularity
Final object index: 3
Edge mask generated
Final mask assigned for frame 83
------------------------------
Generating mask for frame 84
Generating gray mask
Number of objects before isolation: 5
Size index: 3
Closest object index: 1
Lowest pixel average object index: 3
Most significant object index: 3
Final object index: 3
Gray mask generated
Generating edge mask
Number of objects before isolation: 32
Size index: 25
Closest object index: 1
Lowest pixel average object index: 10
Most significant object index: 10
Resorting to fallback: Object Circularity
Final object index: 2
Edge mask generated
Final mask assigned for frame 84
------------------------------
Generating mask for frame 85
Generating gray mask
Number of objects before isolation: 5
Size index: 4
Closest object index: 1
Lowest pixel average object index: 4
Most significant object index: 4
Final object index: 4
Gray mask generated
Generating edge mask
Number of objects before isolation: 21
Size index: 5
Closest object index: 1
Lowest pixel average object index: 5
Most significant object index: 5
Final object index: 5
Edge mask generated
Final mask assigned for frame 85
------------------------------
Generating mask for frame 86
Generating gray mask
Number of objects before isolation: 4
Size index: 3
Closest object index: 1
Lowest pixel average object index: 3
Most significant object index: 3
Final object index: 3
Gray mask generated
Generating edge mask
Number of objects before isolation: 20
Size index: 1
Closest object index: 1
Lowest pixel average object index: 9
Most significant object index: 9
Resorting to fallback: Object Circularity
Final object index: 3
Edge mask generated
Final mask assigned for frame 86
------------------------------
Generating mask for frame 87
Generating gray mask
Number of objects before isolation: 4
Size index: 1
Closest object index: 1
Lowest pixel average object index: 1
Most significant object index: 1
Final object index: 1
Gray mask generated
Generating edge mask
Number of objects before isolation: 22
Size index: 14
Closest object index: 1
Lowest pixel average object index: 18
Most significant object index: 18
Resorting to fallback: Object Circularity
Final object index: 2
Edge mask generated
Final mask assigned for frame 87
------------------------------
Generating mask for frame 88
Generating gray mask
Number of objects before isolation: 7
Size index: 3
Closest object index: 1
Lowest pixel average object index: 3
Most significant object index: 3
Final object index: 3
Gray mask generated
Generating edge mask
Number of objects before isolation: 19
Size index: 12
Closest object index: 1
Lowest pixel average object index: 5
Most significant object index: 5
Resorting to fallback: Object Circularity
Final object index: 2
Edge mask generated
Final mask assigned for frame 88
------------------------------
Generating mask for frame 89
Generating gray mask
Number of objects before isolation: 10
Size index: 4
Closest object index: 1
Lowest pixel average object index: 4
Most significant object index: 4
Final object index: 4
Gray mask generated
Generating edge mask
Number of objects before isolation: 12
Size index: 9
Closest object index: 1
Lowest pixel average object index: 1
Most significant object index: 3
Resorting to fallback: Object Circularity
Final object index: 4
Edge mask generated
Final mask assigned for frame 89
------------------------------
Generating mask for frame 90
Generating gray mask
Number of objects before isolation: 7
Size index: 5
Closest object index: 1
Lowest pixel average object index: 5
Most significant object index: 5
Final object index: 5
Gray mask generated
Generating edge mask
Number of objects before isolation: 14
Size index: 6
Closest object index: 1
Lowest pixel average object index: 1
Most significant object index: 3
Resorting to fallback: Object Circularity
Final object index: 2
Edge mask generated
Final mask assigned for frame 90
------------------------------
Generating mask for frame 91
Generating gray mask
Number of objects before isolation: 3
Size index: 3
Closest object index: 1
Lowest pixel average object index: 3
Most significant object index: 3
Final object index: 3
Gray mask generated
Generating edge mask
Number of objects before isolation: 2
Size index: 2
Closest object index: 1
Lowest pixel average object index: 1
Most significant object index: 1
Final object index: 1
Edge mask generated
Final mask assigned for frame 91
------------------------------
Generating mask for frame 92
Generating gray mask
Number of objects before isolation: 3
Size index: 2
Closest object index: 1
Lowest pixel average object index: 2
Most significant object index: 2
Final object index: 2
Gray mask generated
Generating edge mask
Number of objects before isolation: 16
Size index: 11
Closest object index: 1
Lowest pixel average object index: 12
Most significant object index: 12
Resorting to fallback: Object Circularity
Final object index: 2
Edge mask generated
Final mask assigned for frame 92
------------------------------
Generating mask for frame 93
Generating gray mask
Number of objects before isolation: 2
Size index: 1
Closest object index: 1
Lowest pixel average object index: 1
Most significant object index: 1
Final object index: 1
Gray mask generated
Generating edge mask
Number of objects before isolation: 21
Size index: 1
Closest object index: 1
Lowest pixel average object index: 4
Most significant object index: 4
Resorting to fallback: Object Circularity
Final object index: 1
Edge mask generated
Final mask assigned for frame 93
------------------------------
Generating mask for frame 94
Generating gray mask
Number of objects before isolation: 2
Size index: 1
Closest object index: 1
Lowest pixel average object index: 1
Most significant object index: 1
Final object index: 1
Gray mask generated
Generating edge mask
Number of objects before isolation: 4
Size index: 2
Closest object index: 1
Lowest pixel average object index: 4
Most significant object index: 2
Resorting to fallback: Object Circularity
Final object index: 1
Edge mask generated
Final mask assigned for frame 94
------------------------------
Generating mask for frame 95
Generating gray mask
Number of objects before isolation: 10
Size index: 1
Closest object index: 1
Lowest pixel average object index: 4
Most significant object index: 4
Resorting to fallback: Object Circularity
Final object index: 3
Gray mask generated
Generating edge mask
Number of objects before isolation: 3
Size index: 2
Closest object index: 1
Lowest pixel average object index: 2
Most significant object index: 2
Final object index: 2
Edge mask generated
Final mask assigned for frame 95
------------------------------
Generating mask for frame 96
Generating gray mask
Number of objects before isolation: 14
Size index: 7
Closest object index: 1
Lowest pixel average object index: 7
Most significant object index: 7
Final object index: 7
Gray mask generated
Generating edge mask
Number of objects before isolation: 2
Size index: 2
Closest object index: 1
Lowest pixel average object index: 2
Most significant object index: 2
Final object index: 2
Edge mask generated
Final mask assigned for frame 96
------------------------------
Generating mask for frame 97
Generating gray mask
Number of objects before isolation: 15
Size index: 8
Closest object index: 1
Lowest pixel average object index: 8
Most significant object index: 8
Final object index: 8
Gray mask generated
Generating edge mask
Number of objects before isolation: 2
Size index: 2
Closest object index: 1
Lowest pixel average object index: 2
Most significant object index: 2
Final object index: 2
Edge mask generated
Final mask assigned for frame 97
------------------------------
Generating mask for frame 98
Generating gray mask
Number of objects before isolation: 10
Size index: 4
Closest object index: 1
Lowest pixel average object index: 4
Most significant object index: 4
Final object index: 4
Gray mask generated
Generating edge mask
Number of objects before isolation: 2
Size index: 2
Closest object index: 1
Lowest pixel average object index: 2
Most significant object index: 2
Final object index: 2
Edge mask generated
Final mask assigned for frame 98
------------------------------
Generating mask for frame 99
Generating gray mask
Number of objects before isolation: 8
Size index: 3
Closest object index: 1
Lowest pixel average object index: 3
Most significant object index: 3
Final object index: 3
Gray mask generated
Generating edge mask
Number of objects before isolation: 4
Size index: 2
Closest object index: 1
Lowest pixel average object index: 2
Most significant object index: 2
Final object index: 2
Edge mask generated
Final mask assigned for frame 99
------------------------------
Generating mask for frame 100
Generating gray mask
Number of objects before isolation: 9
Size index: 3
Closest object index: 1
Lowest pixel average object index: 3
Most significant object index: 3
Final object index: 3
Gray mask generated
Generating edge mask
Number of objects before isolation: 3
Size index: 2
Closest object index: 1
Lowest pixel average object index: 2
Most significant object index: 2
Final object index: 2
Edge mask generated
Final mask assigned for frame 100
------------------------------
Generating mask for frame 101
Generating gray mask
Number of objects before isolation: 7
Size index: 2
Closest object index: 1
Lowest pixel average object index: 2
Most significant object index: 2
Final object index: 2
Gray mask generated
Generating edge mask
Number of objects before isolation: 1
Edge mask generated
Final mask assigned for frame 101
------------------------------
Generating mask for frame 102
Generating gray mask
Number of objects before isolation: 14
Size index: 5
Closest object index: 1
Lowest pixel average object index: 9
Most significant object index: 5
Resorting to fallback: Object Circularity
Final object index: 2
Gray mask generated
Generating edge mask
Number of objects before isolation: 1
Edge mask generated
Final mask assigned for frame 102
------------------------------
Generating mask for frame 103
Generating gray mask
Number of objects before isolation: 5
Size index: 1
Closest object index: 1
Lowest pixel average object index: 1
Most significant object index: 1
Final object index: 1
Gray mask generated
Generating edge mask
Number of objects before isolation: 1
Edge mask generated
Final mask assigned for frame 103
------------------------------
Generating mask for frame 104
Generating gray mask
Number of objects before isolation: 6
Size index: 2
Closest object index: 1
Lowest pixel average object index: 2
Most significant object index: 2
Final object index: 2
Gray mask generated
Generating edge mask
Number of objects before isolation: 1
Edge mask generated
Size index: 1
Closest object index: 1
Lowest pixel average object index: 1
Most significant object index: 1
Final object index: 1
Final mask assigned for frame 104
------------------------------
Generating mask for frame 105
Generating gray mask
Number of objects before isolation: 7
Size index: 1
Closest object index: 1
Lowest pixel average object index: 1
Most significant object index: 1
Final object index: 1
Gray mask generated
Generating edge mask
Number of objects before isolation: 1
Edge mask generated
Size index: 1
Closest object index: 1
Lowest pixel average object index: 1
Most significant object index: 1
Final object index: 1
Final mask assigned for frame 105
------------------------------
Generating mask for frame 106
Generating gray mask
Number of objects before isolation: 4
Size index: 1
Closest object index: 1
Lowest pixel average object index: 1
Most significant object index: 1
Final object index: 1
Gray mask generated
Generating edge mask
Number of objects before isolation: 1
Edge mask generated
Size index: 1
Closest object index: 1
Lowest pixel average object index: 1
Most significant object index: 1
Final object index: 1
Final mask assigned for frame 106
------------------------------
Generating mask for frame 107
Generating gray mask
Number of objects before isolation: 9
Size index: 1
Closest object index: 1
Lowest pixel average object index: 1
Most significant object index: 1
Final object index: 1
Gray mask generated
Generating edge mask
Number of objects before isolation: 1
Edge mask generated
Size index: 1
Closest object index: 1
Lowest pixel average object index: 1
Most significant object index: 1
Final object index: 1
Final mask assigned for frame 107
------------------------------
Generating mask for frame 108
Generating gray mask
Number of objects before isolation: 6
Size index: 1
Closest object index: 1
Lowest pixel average object index: 1
Most significant object index: 1
Final object index: 1
Gray mask generated
Generating edge mask
Number of objects before isolation: 1
Edge mask generated
Size index: 1
Closest object index: 1
Lowest pixel average object index: 1
Most significant object index: 1
Final object index: 1
Final mask assigned for frame 108
------------------------------
Generating mask for frame 109
Generating gray mask
Number of objects before isolation: 5
Size index: 1
Closest object index: 1
Lowest pixel average object index: 1
Most significant object index: 1
Final object index: 1
Gray mask generated
Generating edge mask
Number of objects before isolation: 1
Edge mask generated
Size index: 1
Closest object index: 1
Lowest pixel average object index: 1
Most significant object index: 1
Final object index: 1
Final mask assigned for frame 109
------------------------------
Generating mask for frame 110
Generating gray mask
Number of objects before isolation: 5
Size index: 1
Closest object index: 1
Lowest pixel average object index: 1
Most significant object index: 1
Final object index: 1
Gray mask generated
Generating edge mask
Number of objects before isolation: 1
Edge mask generated
Size index: 1
Closest object index: 1
Lowest pixel average object index: 1
Most significant object index: 1
Final object index: 1
Final mask assigned for frame 110
------------------------------
Generating mask for frame 111
Generating gray mask
Number of objects before isolation: 7
Size index: 1
Closest object index: 1
Lowest pixel average object index: 1
Most significant object index: 1
Final object index: 1
Gray mask generated
Generating edge mask
Number of objects before isolation: 1
Edge mask generated
Size index: 1
Closest object index: 1
Lowest pixel average object index: 1
Most significant object index: 1
Final object index: 1
Final mask assigned for frame 111
------------------------------
Generating mask for frame 112
Generating gray mask
Number of objects before isolation: 5
Size index: 1
Closest object index: 1
Lowest pixel average object index: 1
Most significant object index: 1
Final object index: 1
Gray mask generated
Generating edge mask
Number of objects before isolation: 1
Edge mask generated
Size index: 1
Closest object index: 1
Lowest pixel average object index: 1
Most significant object index: 1
Final object index: 1
Final mask assigned for frame 112
------------------------------
Generating mask for frame 113
Generating gray mask
Number of objects before isolation: 4
Size index: 1
Closest object index: 1
Lowest pixel average object index: 1
Most significant object index: 1
Final object index: 1
Gray mask generated
Generating edge mask
Number of objects before isolation: 1
Edge mask generated
Size index: 1
Closest object index: 1
Lowest pixel average object index: 1
Most significant object index: 1
Final object index: 1
Final mask assigned for frame 113
------------------------------
Generating mask for frame 114
Generating gray mask
Number of objects before isolation: 3
Size index: 1
Closest object index: 1
Lowest pixel average object index: 1
Most significant object index: 1
Final object index: 1
Gray mask generated
Generating edge mask
Number of objects before isolation: 1
Edge mask generated
Size index: 1
Closest object index: 1
Lowest pixel average object index: 1
Most significant object index: 1
Final object index: 1
Final mask assigned for frame 114
------------------------------
Generating mask for frame 115
Generating gray mask
Number of objects before isolation: 1
Gray mask generated
Generating edge mask
Number of objects before isolation: 1
Edge mask generated
Final mask assigned for frame 115
------------------------------
Generating mask for frame 116
Generating gray mask
Number of objects before isolation: 2
Size index: 1
Closest object index: 1
Lowest pixel average object index: 1
Most significant object index: 1
Final object index: 1
Gray mask generated
Generating edge mask
Number of objects before isolation: 5
Size index: 2
Closest object index: 1
Lowest pixel average object index: 2
Most significant object index: 2
Final object index: 2
Edge mask generated
Final mask assigned for frame 116
------------------------------
Generating mask for frame 117
Generating gray mask
Number of objects before isolation: 2
Size index: 1
Closest object index: 1
Lowest pixel average object index: 1
Most significant object index: 1
Final object index: 1
Gray mask generated
Generating edge mask
Number of objects before isolation: 2
Size index: 2
Closest object index: 1
Lowest pixel average object index: 2
Most significant object index: 2
Final object index: 2
Edge mask generated
Final mask assigned for frame 117
------------------------------
Generating mask for frame 118
Generating gray mask
Number of objects before isolation: 1
Gray mask generated
Generating edge mask
Number of objects before isolation: 2
Size index: 2
Closest object index: 1
Lowest pixel average object index: 2
Most significant object index: 2
Final object index: 2
Edge mask generated
Final mask assigned for frame 118
------------------------------
Generating mask for frame 119
Generating gray mask
Number of objects before isolation: 2
Size index: 1
Closest object index: 1
Lowest pixel average object index: 1
Most significant object index: 1
Final object index: 1
Gray mask generated
Generating edge mask
Number of objects before isolation: 2
Size index: 2
Closest object index: 1
Lowest pixel average object index: 2
Most significant object index: 2
Final object index: 2
Edge mask generated
Final mask assigned for frame 119
------------------------------
Generating mask for frame 120
Generating gray mask
Number of objects before isolation: 4
Size index: 2
Closest object index: 1
Lowest pixel average object index: 2
Most significant object index: 2
Final object index: 2
Gray mask generated
Generating edge mask
Number of objects before isolation: 3
Size index: 2
Closest object index: 1
Lowest pixel average object index: 2
Most significant object index: 2
Final object index: 2
Edge mask generated
Final mask assigned for frame 120
------------------------------
Generating mask for frame 121
Generating gray mask
Number of objects before isolation: 4
Size index: 1
Closest object index: 1
Lowest pixel average object index: 1
Most significant object index: 1
Final object index: 1
Gray mask generated
Generating edge mask
Number of objects before isolation: 9
Size index: 4
Closest object index: 1
Lowest pixel average object index: 4
Most significant object index: 4
Final object index: 4
Edge mask generated
Final mask assigned for frame 121
------------------------------
Generating mask for frame 122
Generating gray mask
Number of objects before isolation: 4
Size index: 1
Closest object index: 1
Lowest pixel average object index: 1
Most significant object index: 1
Final object index: 1
Gray mask generated
Generating edge mask
Number of objects before isolation: 1
Edge mask generated
Final mask assigned for frame 122
------------------------------
Generating mask for frame 123
Generating gray mask
Number of objects before isolation: 4
Size index: 2
Closest object index: 1
Lowest pixel average object index: 2
Most significant object index: 2
Final object index: 2
Gray mask generated
Generating edge mask
Number of objects before isolation: 2
Size index: 1
Closest object index: 1
Lowest pixel average object index: 2
Most significant object index: 1
Final object index: 1
Edge mask generated
Final mask assigned for frame 123
------------------------------
Generating mask for frame 124
Generating gray mask
Number of objects before isolation: 6
Size index: 4
Closest object index: 1
Lowest pixel average object index: 4
Most significant object index: 4
Final object index: 4
Gray mask generated
Generating edge mask
Number of objects before isolation: 1
Edge mask generated
Final mask assigned for frame 124
------------------------------
Generating mask for frame 125
Generating gray mask
Number of objects before isolation: 6
Size index: 4
Closest object index: 1
Lowest pixel average object index: 4
Most significant object index: 4
Final object index: 4
Gray mask generated
Generating edge mask
Number of objects before isolation: 1
Edge mask generated
Final mask assigned for frame 125
------------------------------
Generating mask for frame 126
Generating gray mask
Number of objects before isolation: 6
Size index: 5
Closest object index: 1
Lowest pixel average object index: 5
Most significant object index: 5
Final object index: 5
Gray mask generated
Generating edge mask
Number of objects before isolation: 1
Edge mask generated
Final mask assigned for frame 126
------------------------------
Generating mask for frame 127
Generating gray mask
Number of objects before isolation: 14
Size index: 10
Closest object index: 1
Lowest pixel average object index: 10
Most significant object index: 10
Final object index: 10
Gray mask generated
Generating edge mask
Number of objects before isolation: 1
Edge mask generated
Final mask assigned for frame 127
------------------------------
Generating mask for frame 128
Generating gray mask
Number of objects before isolation: 9
Size index: 7
Closest object index: 1
Lowest pixel average object index: 7
Most significant object index: 7
Final object index: 7
Gray mask generated
Generating edge mask
Number of objects before isolation: 1
Edge mask generated
Final mask assigned for frame 128
------------------------------
Generating mask for frame 129
Generating gray mask
Number of objects before isolation: 8
Size index: 6
Closest object index: 1
Lowest pixel average object index: 6
Most significant object index: 6
Final object index: 6
Gray mask generated
Generating edge mask
Number of objects before isolation: 1
Edge mask generated
Final mask assigned for frame 129
------------------------------
Generating mask for frame 130
Generating gray mask
Number of objects before isolation: 21
Size index: 18
Closest object index: 1
Lowest pixel average object index: 18
Most significant object index: 18
Final object index: 18
Gray mask generated
Generating edge mask
Number of objects before isolation: 2
Size index: 2
Closest object index: 1
Lowest pixel average object index: 2
Most significant object index: 2
Final object index: 2
Edge mask generated
Size index: 1
Closest object index: 1
Lowest pixel average object index: 1
Most significant object index: 1
Final object index: 1
Final mask assigned for frame 130
------------------------------
Generating mask for frame 131
Generating gray mask
Number of objects before isolation: 28
Size index: 21
Closest object index: 1
Lowest pixel average object index: 21
Most significant object index: 21
Final object index: 21
Gray mask generated
Generating edge mask
Number of objects before isolation: 3
Size index: 2
Closest object index: 1
Lowest pixel average object index: 2
Most significant object index: 2
Final object index: 2
Edge mask generated
Final mask assigned for frame 131
------------------------------
Generating mask for frame 132
Generating gray mask
Number of objects before isolation: 1
Gray mask generated
Generating edge mask
Number of objects before isolation: 1
Edge mask generated
Final mask assigned for frame 132
------------------------------
Generating mask for frame 133
Generating gray mask
Number of objects before isolation: 4
Size index: 4
Closest object index: 1
Lowest pixel average object index: 4
Most significant object index: 4
Final object index: 4
Gray mask generated
Generating edge mask
Number of objects before isolation: 1
Edge mask generated
Final mask assigned for frame 133
------------------------------
Generating mask for frame 134
Generating gray mask
Number of objects before isolation: 49
Size index: 32
Closest object index: 1
Lowest pixel average object index: 35
Most significant object index: 32
Resorting to fallback: Object Circularity
Final object index: 3
Gray mask generated
Generating edge mask
Number of objects before isolation: 1
Edge mask generated
Final mask assigned for frame 134
------------------------------
Generating mask for frame 135
Generating gray mask
Number of objects before isolation: 22
Size index: 15
Closest object index: 1
Lowest pixel average object index: 16
Most significant object index: 16
Resorting to fallback: Object Circularity
Final object index: 2
Gray mask generated
Generating edge mask
Number of objects before isolation: 1
Edge mask generated
Final mask assigned for frame 135
------------------------------
Generating mask for frame 136
Generating gray mask
Number of objects before isolation: 9
Size index: 7
Closest object index: 1
Lowest pixel average object index: 7
Most significant object index: 7
Final object index: 7
Gray mask generated
Generating edge mask
Number of objects before isolation: 1
Edge mask generated
Final mask assigned for frame 136
------------------------------
Generating mask for frame 137
Generating gray mask
Number of objects before isolation: 5
Size index: 4
Closest object index: 1
Lowest pixel average object index: 4
Most significant object index: 4
Final object index: 4
Gray mask generated
Generating edge mask
Number of objects before isolation: 1
Edge mask generated
Final mask assigned for frame 137
------------------------------
Generating mask for frame 138
Generating gray mask
Number of objects before isolation: 3
Size index: 2
Closest object index: 1
Lowest pixel average object index: 2
Most significant object index: 2
Final object index: 2
Gray mask generated
Generating edge mask
Number of objects before isolation: 1
Edge mask generated
Final mask assigned for frame 138
------------------------------
Generating mask for frame 139
Generating gray mask
Number of objects before isolation: 1
Gray mask generated
Generating edge mask
Number of objects before isolation: 1
Edge mask generated
Final mask assigned for frame 139
------------------------------
Generating mask for frame 140
Generating gray mask
Number of objects before isolation: 3
Size index: 1
Closest object index: 1
Lowest pixel average object index: 1
Most significant object index: 1
Final object index: 1
Gray mask generated
Generating edge mask
Number of objects before isolation: 9
Size index: 1
Closest object index: 1
Lowest pixel average object index: 3
Most significant object index: 3
Resorting to fallback: Object Circularity
Final object index: 1
Edge mask generated
Final mask assigned for frame 140
------------------------------
Generating mask for frame 141
Generating gray mask
Number of objects before isolation: 2
Size index: 1
Closest object index: 1
Lowest pixel average object index: 1
Most significant object index: 1
Final object index: 1
Gray mask generated
Generating edge mask
Number of objects before isolation: 2
Size index: 1
Closest object index: 1
Lowest pixel average object index: 2
Most significant object index: 2
Resorting to fallback: Object Circularity
Final object index: 3
No edge mask generated for frame 141
Final mask assigned for frame 141
------------------------------
Generating mask for frame 142
Generating gray mask
Number of objects before isolation: 3
Size index: 2
Closest object index: 1
Lowest pixel average object index: 2
Most significant object index: 2
Final object index: 2
Gray mask generated
Generating edge mask
Number of objects before isolation: 1
Edge mask generated
Final mask assigned for frame 142
------------------------------
Generating mask for frame 143
Generating gray mask
Number of objects before isolation: 3
Size index: 1
Closest object index: 1
Lowest pixel average object index: 1
Most significant object index: 1
Final object index: 1
Gray mask generated
Generating edge mask
Number of objects before isolation: 1
Edge mask generated
Final mask assigned for frame 143
------------------------------
Generating mask for frame 144
Generating gray mask
Number of objects before isolation: 4
Size index: 2
Closest object index: 1
Lowest pixel average object index: 2
Most significant object index: 2
Final object index: 2
Gray mask generated
Generating edge mask
Number of objects before isolation: 1
Edge mask generated
Size index: 1
Closest object index: 1
Lowest pixel average object index: 1
Most significant object index: 1
Final object index: 1
Final mask assigned for frame 144
------------------------------
Generating mask for frame 145
Generating gray mask
Number of objects before isolation: 3
Size index: 2
Closest object index: 1
Lowest pixel average object index: 2
Most significant object index: 2
Final object index: 2
Gray mask generated
Generating edge mask
Number of objects before isolation: 1
Edge mask generated
Final mask assigned for frame 145
------------------------------
Generating mask for frame 146
Generating gray mask
Number of objects before isolation: 4
Size index: 2
Closest object index: 1
Lowest pixel average object index: 2
Most significant object index: 2
Final object index: 2
Gray mask generated
Generating edge mask
Number of objects before isolation: 1
Edge mask generated
Size index: 1
Closest object index: 1
Lowest pixel average object index: 1
Most significant object index: 1
Final object index: 1
Final mask assigned for frame 146
------------------------------
Generating mask for frame 147
Generating gray mask
Number of objects before isolation: 7
Size index: 1
Closest object index: 1
Lowest pixel average object index: 3
Most significant object index: 1
Final object index: 1
Gray mask generated
Generating edge mask
Number of objects before isolation: 1
Edge mask generated
Size index: 1
Closest object index: 1
Lowest pixel average object index: 1
Most significant object index: 1
Final object index: 1
Final mask assigned for frame 147
------------------------------
Generating mask for frame 148
Generating gray mask
Number of objects before isolation: 2
Size index: 1
Closest object index: 1
Lowest pixel average object index: 2
Most significant object index: 1
Final object index: 1
Gray mask generated
Generating edge mask
Number of objects before isolation: 1
Edge mask generated
Size index: 1
Closest object index: 1
Lowest pixel average object index: 1
Most significant object index: 1
Final object index: 1
Final mask assigned for frame 148
------------------------------
Generating mask for frame 149
Generating gray mask
Number of objects before isolation: 2
Size index: 1
Closest object index: 1
Lowest pixel average object index: 1
Most significant object index: 1
Final object index: 1
Gray mask generated
Generating edge mask
Number of objects before isolation: 1
Edge mask generated
Size index: 1
Closest object index: 1
Lowest pixel average object index: 1
Most significant object index: 1
Final object index: 1
Final mask assigned for frame 149
------------------------------
Generating mask for frame 150
Generating gray mask
Number of objects before isolation: 3
Size index: 2
Closest object index: 1
Lowest pixel average object index: 2
Most significant object index: 2
Final object index: 2
Gray mask generated
Generating edge mask
Number of objects before isolation: 1
Edge mask generated
Size index: 1
Closest object index: 1
Lowest pixel average object index: 1
Most significant object index: 1
Final object index: 1
Final mask assigned for frame 150
------------------------------
Generating mask for frame 151
Generating gray mask
Number of objects before isolation: 3
Size index: 2
Closest object index: 1
Lowest pixel average object index: 2
Most significant object index: 2
Final object index: 2
Gray mask generated
Generating edge mask
Number of objects before isolation: 1
Edge mask generated
Size index: 1
Closest object index: 1
Lowest pixel average object index: 1
Most significant object index: 1
Final object index: 1
Final mask assigned for frame 151
------------------------------
Generating mask for frame 152
Generating gray mask
Number of objects before isolation: 4
Size index: 2
Closest object index: 1
Lowest pixel average object index: 3
Most significant object index: 2
Resorting to fallback: Object Circularity
Final object index: 3
Gray mask generated
Generating edge mask
Number of objects before isolation: 2
Size index: 2
Closest object index: 1
Lowest pixel average object index: 2
Most significant object index: 2
Final object index: 2
Edge mask generated
Final mask assigned for frame 152
------------------------------
Generating mask for frame 153
Generating gray mask
Number of objects before isolation: 4
Size index: 2
Closest object index: 1
Lowest pixel average object index: 2
Most significant object index: 2
Final object index: 2
Gray mask generated
Generating edge mask
Number of objects before isolation: 3
Size index: 2
Closest object index: 1
Lowest pixel average object index: 2
Most significant object index: 2
Final object index: 2
Edge mask generated
Final mask assigned for frame 153
------------------------------
Generating mask for frame 154
Generating gray mask
Number of objects before isolation: 3
Size index: 2
Closest object index: 1
Lowest pixel average object index: 2
Most significant object index: 2
Final object index: 2
Gray mask generated
Generating edge mask
Number of objects before isolation: 3
Size index: 2
Closest object index: 1
Lowest pixel average object index: 2
Most significant object index: 2
Final object index: 2
Edge mask generated
Final mask assigned for frame 154
------------------------------
Generating mask for frame 155
Generating gray mask
Number of objects before isolation: 4
Size index: 2
Closest object index: 1
Lowest pixel average object index: 2
Most significant object index: 2
Final object index: 2
Gray mask generated
Generating edge mask
Number of objects before isolation: 3
Size index: 2
Closest object index: 1
Lowest pixel average object index: 2
Most significant object index: 2
Final object index: 2
Edge mask generated
Final mask assigned for frame 155
------------------------------
Generating mask for frame 156
Generating gray mask
Number of objects before isolation: 5
Size index: 2
Closest object index: 1
Lowest pixel average object index: 2
Most significant object index: 2
Final object index: 2
Gray mask generated
Generating edge mask
Number of objects before isolation: 4
Size index: 2
Closest object index: 1
Lowest pixel average object index: 2
Most significant object index: 2
Final object index: 2
Edge mask generated
Final mask assigned for frame 156
------------------------------
Generating mask for frame 157
Generating gray mask
Number of objects before isolation: 4
Size index: 2
Closest object index: 1
Lowest pixel average object index: 2
Most significant object index: 2
Final object index: 2
Gray mask generated
Generating edge mask
Number of objects before isolation: 4
Size index: 2
Closest object index: 1
Lowest pixel average object index: 2
Most significant object index: 2
Final object index: 2
Edge mask generated
Final mask assigned for frame 157
------------------------------
Generating mask for frame 158
Generating gray mask
Number of objects before isolation: 3
Size index: 2
Closest object index: 1
Lowest pixel average object index: 2
Most significant object index: 2
Final object index: 2
Gray mask generated
Generating edge mask
Number of objects before isolation: 4
Size index: 2
Closest object index: 1
Lowest pixel average object index: 2
Most significant object index: 2
Final object index: 2
Edge mask generated
Final mask assigned for frame 158
------------------------------
Generating mask for frame 159
Generating gray mask
Number of objects before isolation: 2
Size index: 2
Closest object index: 1
Lowest pixel average object index: 2
Most significant object index: 2
Final object index: 2
Gray mask generated
Generating edge mask
Number of objects before isolation: 3
Size index: 2
Closest object index: 1
Lowest pixel average object index: 2
Most significant object index: 2
Final object index: 2
Edge mask generated
Final mask assigned for frame 159
------------------------------
Generating mask for frame 160
Generating gray mask
Number of objects before isolation: 6
Size index: 2
Closest object index: 1
Lowest pixel average object index: 2
Most significant object index: 2
Final object index: 2
Gray mask generated
Generating edge mask
Number of objects before isolation: 4
Size index: 2
Closest object index: 1
Lowest pixel average object index: 2
Most significant object index: 2
Final object index: 2
Edge mask generated
Final mask assigned for frame 160
------------------------------
Generating mask for frame 161
Generating gray mask
Number of objects before isolation: 6
Size index: 2
Closest object index: 1
Lowest pixel average object index: 2
Most significant object index: 2
Final object index: 2
Gray mask generated
Generating edge mask
Number of objects before isolation: 6
Size index: 3
Closest object index: 1
Lowest pixel average object index: 3
Most significant object index: 3
Final object index: 3
Edge mask generated
Final mask assigned for frame 161
------------------------------
Generating mask for frame 162
Generating gray mask
Number of objects before isolation: 3
Size index: 1
Closest object index: 1
Lowest pixel average object index: 1
Most significant object index: 1
Final object index: 1
Gray mask generated
Generating edge mask
Number of objects before isolation: 3
Size index: 2
Closest object index: 1
Lowest pixel average object index: 2
Most significant object index: 2
Final object index: 2
Edge mask generated
Final mask assigned for frame 162
------------------------------
Generating mask for frame 163
Generating gray mask
Number of objects before isolation: 4
Size index: 2
Closest object index: 1
Lowest pixel average object index: 2
Most significant object index: 2
Final object index: 2
Gray mask generated
Generating edge mask
Number of objects before isolation: 1
Edge mask generated
Final mask assigned for frame 163
------------------------------
Generating mask for frame 164
Generating gray mask
Number of objects before isolation: 4
Size index: 2
Closest object index: 1
Lowest pixel average object index: 2
Most significant object index: 2
Final object index: 2
Gray mask generated
Generating edge mask
Number of objects before isolation: 1
Edge mask generated
Final mask assigned for frame 164
------------------------------
Generating mask for frame 165
Generating gray mask
Number of objects before isolation: 4
Size index: 2
Closest object index: 1
Lowest pixel average object index: 2
Most significant object index: 2
Final object index: 2
Gray mask generated
Generating edge mask
Number of objects before isolation: 1
Edge mask generated
Final mask assigned for frame 165
------------------------------
Generating mask for frame 166
Generating gray mask
Number of objects before isolation: 6
Size index: 2
Closest object index: 1
Lowest pixel average object index: 2
Most significant object index: 2
Final object index: 2
Gray mask generated
Generating edge mask
Number of objects before isolation: 1
Edge mask generated
Final mask assigned for frame 166
------------------------------
Generating mask for frame 167
Generating gray mask
Number of objects before isolation: 6
Size index: 3
Closest object index: 1
Lowest pixel average object index: 3
Most significant object index: 3
Final object index: 3
Gray mask generated
Generating edge mask
Number of objects before isolation: 1
Edge mask generated
Final mask assigned for frame 167
------------------------------
Generating mask for frame 168
Generating gray mask
Number of objects before isolation: 5
Size index: 2
Closest object index: 1
Lowest pixel average object index: 1
Most significant object index: 2
Resorting to fallback: Object Circularity
Final object index: 2
Gray mask generated
Generating edge mask
Number of objects before isolation: 5
Size index: 4
Closest object index: 1
Lowest pixel average object index: 4
Most significant object index: 4
Final object index: 4
Edge mask generated
Size index: 1
Closest object index: 1
Lowest pixel average object index: 1
Most significant object index: 1
Final object index: 1
Final mask assigned for frame 168
------------------------------
Generating mask for frame 169
Generating gray mask
Number of objects before isolation: 4
Size index: 2
Closest object index: 1
Lowest pixel average object index: 1
Most significant object index: 3
Resorting to fallback: Object Circularity
Final object index: 1
Gray mask generated
Generating edge mask
Number of objects before isolation: 8
Size index: 4
Closest object index: 1
Lowest pixel average object index: 4
Most significant object index: 4
Final object index: 4
Edge mask generated
Final mask assigned for frame 169
------------------------------
Generating mask for frame 170
Generating gray mask
Number of objects before isolation: 3
Size index: 1
Closest object index: 1
Lowest pixel average object index: 1
Most significant object index: 2
Final object index: 1
Gray mask generated
Generating edge mask
Number of objects before isolation: 8
Size index: 4
Closest object index: 1
Lowest pixel average object index: 5
Most significant object index: 5
Resorting to fallback: Object Circularity
Final object index: 3
Edge mask generated
Final mask assigned for frame 170
------------------------------
Generating mask for frame 171
Generating gray mask
Number of objects before isolation: 3
Size index: 1
Closest object index: 1
Lowest pixel average object index: 2
Most significant object index: 2
Resorting to fallback: Object Circularity
Final object index: 1
Gray mask generated
Generating edge mask
Number of objects before isolation: 9
Size index: 7
Closest object index: 1
Lowest pixel average object index: 9
Most significant object index: 1
Resorting to fallback: Object Circularity
Final object index: 1
Edge mask generated
Final mask assigned for frame 171
------------------------------
Generating mask for frame 172
Generating gray mask
Number of objects before isolation: 4
Size index: 1
Closest object index: 1
Lowest pixel average object index: 3
Most significant object index: 3
Resorting to fallback: Object Circularity
Final object index: 3
Gray mask generated
Generating edge mask
Number of objects before isolation: 1
Edge mask generated
Final mask assigned for frame 172
------------------------------
Generating mask for frame 173
Generating gray mask
Number of objects before isolation: 3
Size index: 3
Closest object index: 1
Lowest pixel average object index: 3
Most significant object index: 3
Final object index: 3
Gray mask generated
Generating edge mask
Number of objects before isolation: 1
Edge mask generated
Final mask assigned for frame 173
------------------------------
Generating mask for frame 174
Generating gray mask
Number of objects before isolation: 3
Size index: 3
Closest object index: 1
Lowest pixel average object index: 3
Most significant object index: 3
Final object index: 3
Gray mask generated
Generating edge mask
Number of objects before isolation: 1
Edge mask generated
Size index: 1
Closest object index: 1
Lowest pixel average object index: 1
Most significant object index: 1
Final object index: 1
Final mask assigned for frame 174
------------------------------
Generating mask for frame 175
Generating gray mask
Number of objects before isolation: 3
Size index: 2
Closest object index: 1
Lowest pixel average object index: 2
Most significant object index: 2
Final object index: 2
Gray mask generated
Generating edge mask
Number of objects before isolation: 1
Edge mask generated
Size index: 1
Closest object index: 1
Lowest pixel average object index: 1
Most significant object index: 1
Final object index: 1
Final mask assigned for frame 175
------------------------------
Generating mask for frame 176
Generating gray mask
Number of objects before isolation: 2
Size index: 2
Closest object index: 1
Lowest pixel average object index: 2
Most significant object index: 2
Final object index: 2
Gray mask generated
Generating edge mask
Number of objects before isolation: 1
Edge mask generated
Size index: 1
Closest object index: 1
Lowest pixel average object index: 1
Most significant object index: 1
Final object index: 1
Final mask assigned for frame 176
------------------------------
Generating mask for frame 177
Generating gray mask
Number of objects before isolation: 2
Size index: 2
Closest object index: 1
Lowest pixel average object index: 2
Most significant object index: 2
Final object index: 2
Gray mask generated
Generating edge mask
Number of objects before isolation: 1
Edge mask generated
Size index: 1
Closest object index: 1
Lowest pixel average object index: 1
Most significant object index: 1
Final object index: 1
Final mask assigned for frame 177
------------------------------
Generating mask for frame 178
Generating gray mask
Number of objects before isolation: 2
Size index: 2
Closest object index: 1
Lowest pixel average object index: 2
Most significant object index: 2
Final object index: 2
Gray mask generated
Generating edge mask
Number of objects before isolation: 1
Edge mask generated
Size index: 1
Closest object index: 1
Lowest pixel average object index: 1
Most significant object index: 1
Final object index: 1
Final mask assigned for frame 178
------------------------------
Generating mask for frame 179
Generating gray mask
Number of objects before isolation: 2
Size index: 2
Closest object index: 1
Lowest pixel average object index: 2
Most significant object index: 2
Final object index: 2
Gray mask generated
Generating edge mask
Number of objects before isolation: 1
Edge mask generated
Size index: 1
Closest object index: 1
Lowest pixel average object index: 1
Most significant object index: 1
Final object index: 1
Final mask assigned for frame 179
------------------------------
Generating mask for frame 180
Generating gray mask
Number of objects before isolation: 3
Size index: 2
Closest object index: 1
Lowest pixel average object index: 2
Most significant object index: 2
Final object index: 2
Gray mask generated
Generating edge mask
Number of objects before isolation: 1
Edge mask generated
Size index: 1
Closest object index: 1
Lowest pixel average object index: 1
Most significant object index: 1
Final object index: 1
Final mask assigned for frame 180
clc
Starting parallel pool (parpool) using the 'local' profile ...
Connected to the parallel pool (number of workers: 4).
f8
f8
f9
IdleTimeout has been reached.
Parallel pool using the 'local' profile is shutting down.
Starting parallel pool (parpool) using the 'local' profile ...
Connected to the parallel pool (number of workers: 4).
{Unrecognized method, property, or field 'NumFrames' for class 'InCA'.

Error in <a href="matlab:matlab.internal.language.introspective.errorDocCallback('convertUnits', 'D:\Aditya\Research Stuff\TEMA Replacement\main\convertUnits.m', 4)" style="font-weight:bold">convertUnits</a> (<a href="matlab: opentoline('D:\Aditya\Research Stuff\TEMA Replacement\main\convertUnits.m',4,0)">line 4</a>)
time = (1:app.NumFrames)./app.FPSEditField.Value;

Error in <a href="matlab:matlab.internal.language.introspective.errorDocCallback('InCA/UpdateButtonPushed', 'D:\Aditya\Research Stuff\TEMA Replacement\InCA.mlapp', 711)" style="font-weight:bold">InCA/UpdateButtonPushed</a> (<a href="matlab: opentoline('D:\Aditya\Research Stuff\TEMA Replacement\InCA.mlapp',711,0)">line 711</a>)
            app.convertedPlotSet = convertUnits(app);
} 
Error using <a href="matlab:matlab.internal.language.introspective.errorDocCallback('matlab.ui.control.internal.controller.ComponentController/executeUserCallback', 'D:\Aditya\MATLAB\toolbox\matlab\uicomponents\uicomponents\+matlab\+ui\+control\+internal\+controller\ComponentController.m', 382)" style="font-weight:bold">matlab.ui.control.internal.controller.ComponentController/executeUserCallback</a> (<a href="matlab: opentoline('D:\Aditya\MATLAB\toolbox\matlab\uicomponents\uicomponents\+matlab\+ui\+control\+internal\+controller\ComponentController.m',382,0)">line 382</a>)
Error while evaluating Button PrivateButtonPushedFcn.

clc
{Unrecognized method, property, or field 'VolumeAreaPlot' for class 'InCA'.

Error in <a href="matlab:matlab.internal.language.introspective.errorDocCallback('changeAxesTitles', 'D:\Aditya\Research Stuff\TEMA Replacement\main\changeAxesTitles.m', 34)" style="font-weight:bold">changeAxesTitles</a> (<a href="matlab: opentoline('D:\Aditya\Research Stuff\TEMA Replacement\main\changeAxesTitles.m',34,0)">line 34</a>)
        app.VolumeAreaPlot.XLabel.String = "Seconds";

Error in <a href="matlab:matlab.internal.language.introspective.errorDocCallback('InCA/PlotAxesSettingsButtonGroupSelectionChanged', 'D:\Aditya\Research Stuff\TEMA Replacement\InCA.mlapp', 725)" style="font-weight:bold">InCA/PlotAxesSettingsButtonGroupSelectionChanged</a> (<a href="matlab: opentoline('D:\Aditya\Research Stuff\TEMA Replacement\InCA.mlapp',725,0)">line 725</a>)
                changeAxesTitles(app, 'microns');
} 
Error using <a href="matlab:matlab.internal.language.introspective.errorDocCallback('matlab.ui.control.internal.model.AbstractMutualExclusiveComponent/set.Value', 'D:\Aditya\MATLAB\toolbox\matlab\uicomponents\uicomponents\+matlab\+ui\+control\+internal\+model\AbstractMutualExclusiveComponent.m', 167)" style="font-weight:bold">matlab.ui.control.internal.model.AbstractMutualExclusiveComponent/set.Value</a> (<a href="matlab: opentoline('D:\Aditya\MATLAB\toolbox\matlab\uicomponents\uicomponents\+matlab\+ui\+control\+internal\+model\AbstractMutualExclusiveComponent.m',167,0)">line 167</a>)
Error while evaluating ButtonGroup SelectionChangedFcn.

{Not enough input arguments.

Error in <a href="matlab:matlab.internal.language.introspective.errorDocCallback('changeAxesTitles', 'D:\Aditya\Research Stuff\TEMA Replacement\main\changeAxesTitles.m', 3)" style="font-weight:bold">changeAxesTitles</a> (<a href="matlab: opentoline('D:\Aditya\Research Stuff\TEMA Replacement\main\changeAxesTitles.m',3,0)">line 3</a>)
switch titleType

Error in <a href="matlab:matlab.internal.language.introspective.errorDocCallback('InCA/PlotAxesSettingsButtonGroupSelectionChanged', 'D:\Aditya\Research Stuff\TEMA Replacement\InCA.mlapp', 721)" style="font-weight:bold">InCA/PlotAxesSettingsButtonGroupSelectionChanged</a> (<a href="matlab: opentoline('D:\Aditya\Research Stuff\TEMA Replacement\InCA.mlapp',721,0)">line 721</a>)
                changeAxesTitles('pixels');
} 
Error using <a href="matlab:matlab.internal.language.introspective.errorDocCallback('matlab.ui.control.internal.model.AbstractMutualExclusiveComponent/set.Value', 'D:\Aditya\MATLAB\toolbox\matlab\uicomponents\uicomponents\+matlab\+ui\+control\+internal\+model\AbstractMutualExclusiveComponent.m', 167)" style="font-weight:bold">matlab.ui.control.internal.model.AbstractMutualExclusiveComponent/set.Value</a> (<a href="matlab: opentoline('D:\Aditya\MATLAB\toolbox\matlab\uicomponents\uicomponents\+matlab\+ui\+control\+internal\+model\AbstractMutualExclusiveComponent.m',167,0)">line 167</a>)
Error while evaluating ButtonGroup SelectionChangedFcn.

shift
meta
clc
