------------------------------
Generating mask for frame 1
Generating gray mask
Number of objects before isolation: 0
No gray mask generated for frame 1
Generating edge mask
Number of objects before isolation: 4
Size index: 4
Closest object index: 1
Lowest pixel average object index: 4
Most significant object index: 4
Final object index: 4
Edge mask generated
Final mask assigned for frame 1
------------------------------
Generating mask for frame 2
Generating gray mask
Number of objects before isolation: 1
Gray mask generated
Generating edge mask
Number of objects before isolation: 19
Size index: 18
Closest object index: 1
Lowest pixel average object index: 14
Most significant object index: 18
Resorting to fallback: Object Circularity
Final object index: 2
Edge mask generated
Final mask assigned for frame 2
------------------------------
Generating mask for frame 3
Generating gray mask
Number of objects before isolation: 3
Size index: 1
Closest object index: 1
Lowest pixel average object index: 3
Most significant object index: 1
Final object index: 1
Gray mask generated
Generating edge mask
Number of objects before isolation: 0
No edge mask generated for frame 3
Final mask assigned for frame 3
------------------------------
Generating mask for frame 4
Generating gray mask
Number of objects before isolation: 7
Size index: 6
Closest object index: 1
Lowest pixel average object index: 3
Most significant object index: 6
Resorting to fallback: Object Circularity
Final object index: 1
Gray mask generated
Generating edge mask
Number of objects before isolation: 0
No edge mask generated for frame 4
Final mask assigned for frame 4
------------------------------
Generating mask for frame 5
Generating gray mask
Number of objects before isolation: 3
Size index: 2
Closest object index: 1
Lowest pixel average object index: 3
Most significant object index: 2
Resorting to fallback: Object Circularity
Final object index: 3
Gray mask generated
Generating edge mask
Number of objects before isolation: 0
No edge mask generated for frame 5
Final mask assigned for frame 5
------------------------------
Generating mask for frame 6
Generating gray mask
Number of objects before isolation: 3
Size index: 2
Closest object index: 1
Lowest pixel average object index: 1
Most significant object index: 2
Resorting to fallback: Object Circularity
Final object index: 1
Gray mask generated
Generating edge mask
Number of objects before isolation: 0
No edge mask generated for frame 6
Final mask assigned for frame 6
------------------------------
Generating mask for frame 7
Generating gray mask
Number of objects before isolation: 4
Size index: 3
Closest object index: 1
Lowest pixel average object index: 4
Most significant object index: 4
Resorting to fallback: Object Circularity
Final object index: 2
Gray mask generated
Generating edge mask
Number of objects before isolation: 0
No edge mask generated for frame 7
Final mask assigned for frame 7
------------------------------
Generating mask for frame 8
Generating gray mask
Number of objects before isolation: 4
Size index: 1
Closest object index: 1
Lowest pixel average object index: 2
Most significant object index: 1
Final object index: 1
Gray mask generated
Generating edge mask
Number of objects before isolation: 0
No edge mask generated for frame 8
Final mask assigned for frame 8
------------------------------
Generating mask for frame 9
Generating gray mask
Number of objects before isolation: 5
Size index: 2
Closest object index: 1
Lowest pixel average object index: 5
Most significant object index: 2
Resorting to fallback: Object Circularity
Final object index: 2
Gray mask generated
Generating edge mask
Number of objects before isolation: 0
No edge mask generated for frame 9
Final mask assigned for frame 9
------------------------------
Generating mask for frame 10
Generating gray mask
Number of objects before isolation: 4
Size index: 2
Closest object index: 1
Lowest pixel average object index: 4
Most significant object index: 2
Resorting to fallback: Object Circularity
Final object index: 2
Gray mask generated
Generating edge mask
Number of objects before isolation: 0
No edge mask generated for frame 10
Final mask assigned for frame 10
------------------------------
Generating mask for frame 11
Generating gray mask
Number of objects before isolation: 0
No gray mask generated for frame 11
Generating edge mask
Number of objects before isolation: 0
No edge mask generated for frame 11
Final mask assigned for frame 11
{Insufficient number of outputs from right hand side of equal sign to satisfy assignment.

Error in <a href="matlab:matlab.internal.language.introspective.errorDocCallback('bubbleIsolation', 'D:\Aditya\Research Stuff\InCA\main\bubbleIsolation.m', 126)" style="font-weight:bold">bubbleIsolation</a> (<a href="matlab: opentoline('D:\Aditya\Research Stuff\InCA\main\bubbleIsolation.m',126,0)">line 126</a>)
        oldData.Center = finalStats.Centroid;

Error in <a href="matlab:matlab.internal.language.introspective.errorDocCallback('InCA/BeginBubbleDetectionButtonPushed', 'D:\Aditya\Research Stuff\InCA\InCA.mlapp', 466)" style="font-weight:bold">InCA/BeginBubbleDetectionButtonPushed</a> (<a href="matlab: opentoline('D:\Aditya\Research Stuff\InCA\InCA.mlapp',466,0)">line 466</a>)
            app.mask = bubbleIsolation(app, app.frames);
} 
Error using <a href="matlab:matlab.internal.language.introspective.errorDocCallback('matlab.ui.control.internal.controller.ComponentController/executeUserCallback', 'D:\Aditya\MATLAB\toolbox\matlab\uicomponents\uicomponents\+matlab\+ui\+control\+internal\+controller\ComponentController.m', 382)" style="font-weight:bold">matlab.ui.control.internal.controller.ComponentController/executeUserCallback</a> (<a href="matlab: opentoline('D:\Aditya\MATLAB\toolbox\matlab\uicomponents\uicomponents\+matlab\+ui\+control\+internal\+controller\ComponentController.m',382,0)">line 382</a>)
Error while evaluating Button PrivateButtonPushedFcn.

f9
clc
f4
