------------------------------
Generating mask for frame 1
Generating gray mask
Number of objects before isolation: 10
Size index: 1
Closest object index: 1
Lowest pixel average object index: 9
Most significant object index: 1
Final object index: 1
Gray mask generated
Generating edge mask
Number of objects before isolation: 0
No edge mask generated for frame 1
Final mask assigned for frame 1
------------------------------
Generating mask for frame 2
Generating gray mask
Number of objects before isolation: 2
Size index: 1
Closest object index: 1
Lowest pixel average object index: 2
Most significant object index: 2
Resorting to fallback: Object Circularity
Final object index: 3
No gray mask generated for frame 2
Generating edge mask
Number of objects before isolation: 6
Size index: 3
Closest object index: 1
Lowest pixel average object index: 1
Most significant object index: 3
Resorting to fallback: Object Circularity
Final object index: 2
Edge mask generated
Final mask assigned for frame 2
------------------------------
Generating mask for frame 3
Generating gray mask
Number of objects before isolation: 1
Gray mask generated
Generating edge mask
Number of objects before isolation: 6
Size index: 5
Closest object index: 1
Lowest pixel average object index: 3
Most significant object index: 2
Resorting to fallback: Object Circularity
Final object index: 2
Edge mask generated
Final mask assigned for frame 3
------------------------------
Generating mask for frame 4
Generating gray mask
Number of objects before isolation: 1
Gray mask generated
Generating edge mask
Number of objects before isolation: 7
Size index: 2
Closest object index: 1
Lowest pixel average object index: 2
Most significant object index: 2
Final object index: 2
Edge mask generated
Final mask assigned for frame 4
------------------------------
Generating mask for frame 5
Generating gray mask
Number of objects before isolation: 1
Gray mask generated
Generating edge mask
Number of objects before isolation: 8
Size index: 2
Closest object index: 1
Lowest pixel average object index: 6
Most significant object index: 2
Resorting to fallback: Object Circularity
Final object index: 3
Edge mask generated
Final mask assigned for frame 5
------------------------------
Generating mask for frame 6
Generating gray mask
Number of objects before isolation: 1
Gray mask generated
Generating edge mask
Number of objects before isolation: 9
Size index: 2
Closest object index: 1
Lowest pixel average object index: 4
Most significant object index: 2
Resorting to fallback: Object Circularity
Final object index: 2
Edge mask generated
Final mask assigned for frame 6
------------------------------
Generating mask for frame 7
Generating gray mask
Number of objects before isolation: 1
Gray mask generated
Generating edge mask
Number of objects before isolation: 9
Size index: 3
Closest object index: 1
Lowest pixel average object index: 4
Most significant object index: 3
Resorting to fallback: Object Circularity
Final object index: 2
Edge mask generated
Final mask assigned for frame 7
------------------------------
Generating mask for frame 8
Generating gray mask
Number of objects before isolation: 1
Gray mask generated
Generating edge mask
Number of objects before isolation: 7
Size index: 2
Closest object index: 1
Lowest pixel average object index: 2
Most significant object index: 2
Final object index: 2
Edge mask generated
Final mask assigned for frame 8
------------------------------
Generating mask for frame 9
Generating gray mask
Number of objects before isolation: 1
Gray mask generated
Generating edge mask
Number of objects before isolation: 8
Size index: 6
Closest object index: 1
Lowest pixel average object index: 2
Most significant object index: 6
Resorting to fallback: Object Circularity
Final object index: 2
Edge mask generated
Final mask assigned for frame 9
------------------------------
Generating mask for frame 10
Generating gray mask
Number of objects before isolation: 1
Gray mask generated
Generating edge mask
Number of objects before isolation: 9
Size index: 1
Closest object index: 1
Lowest pixel average object index: 7
Most significant object index: 1
Final object index: 1
Edge mask generated
Final mask assigned for frame 10
------------------------------
Generating mask for frame 11
Generating gray mask
Number of objects before isolation: 1
Gray mask generated
Generating edge mask
Number of objects before isolation: 9
Size index: 2
Closest object index: 1
Lowest pixel average object index: 7
Most significant object index: 2
Resorting to fallback: Object Circularity
Final object index: 3
Edge mask generated
Final mask assigned for frame 11
------------------------------
Generating mask for frame 12
Generating gray mask
Number of objects before isolation: 1
Gray mask generated
Generating edge mask
Number of objects before isolation: 10
Size index: 3
Closest object index: 1
Lowest pixel average object index: 3
Most significant object index: 3
Final object index: 3
Edge mask generated
Final mask assigned for frame 12
------------------------------
Generating mask for frame 13
Generating gray mask
Number of objects before isolation: 1
Gray mask generated
Generating edge mask
Number of objects before isolation: 10
Size index: 8
Closest object index: 1
Lowest pixel average object index: 5
Most significant object index: 8
Resorting to fallback: Object Circularity
Final object index: 3
Edge mask generated
Final mask assigned for frame 13
------------------------------
Generating mask for frame 14
Generating gray mask
Number of objects before isolation: 1
Gray mask generated
Generating edge mask
Number of objects before isolation: 12
Size index: 2
Closest object index: 1
Lowest pixel average object index: 6
Most significant object index: 2
Resorting to fallback: Object Circularity
Final object index: 3
Edge mask generated
Final mask assigned for frame 14
------------------------------
Generating mask for frame 15
Generating gray mask
Number of objects before isolation: 1
Gray mask generated
Generating edge mask
Number of objects before isolation: 11
Size index: 2
Closest object index: 1
Lowest pixel average object index: 9
Most significant object index: 2
Resorting to fallback: Object Circularity
Final object index: 2
Edge mask generated
Final mask assigned for frame 15
------------------------------
Generating mask for frame 16
Generating gray mask
Number of objects before isolation: 1
Gray mask generated
Generating edge mask
Number of objects before isolation: 9
Size index: 2
Closest object index: 1
Lowest pixel average object index: 7
Most significant object index: 2
Resorting to fallback: Object Circularity
Final object index: 2
Edge mask generated
Final mask assigned for frame 16
------------------------------
Generating mask for frame 17
Generating gray mask
Number of objects before isolation: 1
Gray mask generated
Generating edge mask
Number of objects before isolation: 11
Size index: 2
Closest object index: 1
Lowest pixel average object index: 8
Most significant object index: 2
Resorting to fallback: Object Circularity
Final object index: 2
Edge mask generated
Final mask assigned for frame 17
------------------------------
Generating mask for frame 18
Generating gray mask
Number of objects before isolation: 1
Gray mask generated
Generating edge mask
Number of objects before isolation: 11
Size index: 3
Closest object index: 1
Lowest pixel average object index: 9
Most significant object index: 3
Resorting to fallback: Object Circularity
Final object index: 2
Edge mask generated
Final mask assigned for frame 18
------------------------------
Generating mask for frame 19
Generating gray mask
Number of objects before isolation: 1
Gray mask generated
Generating edge mask
Number of objects before isolation: 10
Size index: 2
Closest object index: 1
Lowest pixel average object index: 4
Most significant object index: 2
Resorting to fallback: Object Circularity
Final object index: 2
Edge mask generated
Final mask assigned for frame 19
------------------------------
Generating mask for frame 20
Generating gray mask
Number of objects before isolation: 1
Gray mask generated
Generating edge mask
Number of objects before isolation: 8
Size index: 2
Closest object index: 1
Lowest pixel average object index: 2
Most significant object index: 2
Final object index: 2
Edge mask generated
Final mask assigned for frame 20
------------------------------
Generating mask for frame 21
Generating gray mask
Number of objects before isolation: 1
Gray mask generated
Generating edge mask
Number of objects before isolation: 11
Size index: 1
Closest object index: 1
Lowest pixel average object index: 5
Most significant object index: 10
Resorting to fallback: Object Circularity
Final object index: 3
Edge mask generated
Final mask assigned for frame 21
------------------------------
Generating mask for frame 22
Generating gray mask
Number of objects before isolation: 1
Gray mask generated
Generating edge mask
Number of objects before isolation: 11
Size index: 10
Closest object index: 1
Lowest pixel average object index: 6
Most significant object index: 10
Resorting to fallback: Object Circularity
Final object index: 3
Edge mask generated
Final mask assigned for frame 22
------------------------------
Generating mask for frame 23
