Number of frames: 180
Generating struct with fields: Centroid, TrackingPoints, AverageRadius, SurfaceArea, Volume, FourierPoints, FourierFitX, FourierFitY, xData, yData, Area, Perimeter, PerimeterPoints
------------------------------
Skipping analysis of frame 1
------------------------------
Skipping analysis of frame 2
------------------------------
Skipping analysis of frame 3
------------------------------
Skipping analysis of frame 4
------------------------------
Skipping analysis of frame 5
------------------------------
Skipping analysis of frame 6
------------------------------
Skipping analysis of frame 7
------------------------------
Skipping analysis of frame 8
------------------------------
Skipping analysis of frame 9
------------------------------
Skipping analysis of frame 10
------------------------------
Skipping analysis of frame 11
------------------------------
Skipping analysis of frame 12
------------------------------
Skipping analysis of frame 13
------------------------------
Skipping analysis of frame 14
------------------------------
Skipping analysis of frame 15
------------------------------
Skipping analysis of frame 16
------------------------------
Skipping analysis of frame 17
------------------------------
Skipping analysis of frame 18
------------------------------
Skipping analysis of frame 19
------------------------------
Skipping analysis of frame 20
------------------------------
Skipping analysis of frame 21
------------------------------
Starting analysis of frame 22
Centroid: 437.1534      379.0092
Area: 206665
Perimeter Length: 1814.973
Generating 50 periemter points
Perimeter point generation complete
Tracking Points:
6.906863e+026.880004e+026.820002e+026.727233e+026.596652e+026.426732e+026.232426e+026.000650e+025.741382e+025.466053e+025.164310e+024.853479e+024.532438e+024.209858e+023.890702e+023.572261e+023.265749e+022.981774e+022.725335e+022.498749e+022.302976e+022.131535e+021.999998e+021.911669e+021.859996e+021.810000e+021.857494e+021.919999e+022.027835e+022.144317e+022.319999e+022.507855e+022.741730e+023.000427e+023.270699e+023.572201e+023.886985e+024.209255e+024.532602e+024.856084e+025.165753e+025.472700e+025.756984e+026.018843e+026.253149e+026.449997e+026.609669e+026.740004e+026.837064e+026.891726e+023.790092e+024.106985e+024.418751e+024.722779e+025.013361e+025.283280e+025.537585e+025.759354e+025.948625e+026.116061e+026.230005e+026.316534e+026.347573e+026.359859e+026.310706e+026.250004e+026.140005e+025.980003e+025.780005e+025.548755e+025.292987e+025.021542e+024.729049e+024.421678e+024.107373e+023.790092e+023.472494e+023.160644e+022.862155e+022.565669e+022.299564e+022.039980e+021.819997e+021.629571e+021.450696e+021.329997e+021.249996e+021.210740e+021.229996e+021.249995e+021.345738e+021.449996e+021.606972e+021.798837e+022.023138e+022.280000e+022.559667e+022.852348e+023.157051e+023.471717e+02
Average Radius: 255.9993
Fitting Fourier Series to mask perimeter for frame: 22
Generating 604 periemter points
Perimeter point generation complete
Number of Perimeter Fourier Fit Points: 604
Minimum Arc Length: 3
(Max) Number of Terms in Fit: 40
Adaptive Number of Terms (T/F): 0
Beginning Fit
Creating X and Y Fourier function files with 40 number of terms
Deleting function files
Fit complete
Number of plotting points: 14592641
Analysis complete
------------------------------
Starting analysis of frame 23
Centroid: 437.2618      378.6471
Area: 220446
Perimeter Length: 1882.637
Generating 50 periemter points
Perimeter point generation complete
Tracking Points:
6.988876e+026.970005e+026.910003e+026.800004e+026.663900e+026.504581e+026.293186e+026.061739e+025.790059e+025.502474e+025.192563e+024.873084e+024.539590e+024.205672e+023.870245e+023.549146e+023.231488e+022.942483e+022.679992e+022.435517e+022.237625e+022.059997e+021.925385e+021.837395e+021.775412e+021.739996e+021.779998e+021.835051e+021.939996e+022.076059e+022.241714e+022.444314e+022.684319e+022.953307e+023.240148e+023.551717e+023.874539e+024.205753e+024.539764e+024.869829e+025.197563e+025.509723e+025.795066e+026.067600e+026.303378e+026.523660e+026.690004e+026.811038e+026.920004e+026.971903e+023.786471e+024.114597e+024.437961e+024.747541e+025.046114e+025.335433e+025.590004e+025.828268e+026.020000e+026.187537e+026.310004e+026.410004e+026.440412e+026.440005e+026.420000e+026.320857e+026.211495e+026.040004e+025.832505e+025.605530e+025.337635e+025.057845e+024.755399e+024.437406e+024.114574e+023.786471e+023.458947e+023.134935e+022.823328e+022.523927e+022.238279e+021.975673e+021.745668e+021.549995e+021.379851e+021.259997e+021.175447e+021.134233e+021.129763e+021.180000e+021.247552e+021.369999e+021.545052e+021.737590e+021.973366e+022.223648e+022.512477e+022.821032e+023.132414e+023.458105e+02
Average Radius: 264.3974
Fitting Fourier Series to mask perimeter for frame: 23
Generating 627 periemter points
Perimeter point generation complete
Number of Perimeter Fourier Fit Points: 627
Minimum Arc Length: 3
(Max) Number of Terms in Fit: 40
Adaptive Number of Terms (T/F): 0
Beginning Fit
Creating X and Y Fourier function files with 40 number of terms
Deleting function files
Fit complete
Number of plotting points: 15725161
Analysis complete
------------------------------
Starting analysis of frame 24
Centroid: 437.0284      378.7084
Area: 233553
Perimeter Length: 1971.875
Generating 50 periemter points
Perimeter point generation complete
Tracking Points:
7.069073e+027.033544e+026.976174e+026.886635e+026.730005e+026.561158e+026.351984e+026.100003e+025.831761e+025.529487e+025.212775e+024.884951e+024.542374e+024.197714e+023.855774e+023.525880e+023.204496e+022.885972e+022.616741e+022.377977e+022.169995e+021.993642e+021.859998e+021.750189e+021.695032e+021.649996e+021.691339e+021.769248e+021.864867e+022.003857e+022.182456e+022.396454e+022.639995e+022.912508e+023.204654e+023.522406e+023.856460e+024.198081e+024.542487e+024.883552e+025.220473e+025.535913e+025.836581e+026.121690e+026.359288e+026.575160e+026.749243e+026.889613e+026.997472e+027.050002e+023.787084e+024.123532e+024.456163e+024.783378e+025.084351e+025.378847e+025.648024e+025.877955e+026.090003e+026.250516e+026.380004e+026.485063e+026.522384e+026.530003e+026.484238e+026.385893e+026.264509e+026.125985e+025.906753e+025.657985e+025.385687e+025.093654e+024.780976e+024.459810e+024.125047e+023.787084e+023.448654e+023.119251e+022.795119e+022.486130e+022.197534e+021.933534e+021.695524e+021.489996e+021.309995e+021.177584e+021.093527e+021.049997e+021.049997e+021.096436e+021.170471e+021.309995e+021.476569e+021.669997e+021.919285e+022.185147e+022.479240e+022.789611e+023.112536e+023.448557e+02
Average Radius: 272.179
Fitting Fourier Series to mask perimeter for frame: 24
Generating 657 periemter points
Perimeter point generation complete
Number of Perimeter Fourier Fit Points: 657
Minimum Arc Length: 3
(Max) Number of Terms in Fit: 40
Adaptive Number of Terms (T/F): 0
Beginning Fit
Creating X and Y Fourier function files with 40 number of terms
Deleting function files
Fit complete
Number of plotting points: 17265961
Analysis complete
------------------------------
Starting analysis of frame 25
Centroid: 437.1386      378.9795
Area: 244255
Perimeter Length: 2003.18
Generating 50 periemter points
Perimeter point generation complete
Tracking Points:
7.119935e+027.096018e+027.030003e+026.935152e+026.790001e+026.606391e+026.402692e+026.145583e+025.861760e+025.561369e+025.239237e+024.898257e+024.547113e+024.194890e+023.842940e+023.495495e+023.174114e+022.864405e+022.584305e+022.328338e+022.128988e+021.944160e+021.812800e+021.704517e+021.645882e+021.609794e+021.639995e+021.718694e+021.819999e+021.959995e+022.140810e+022.344018e+022.591596e+022.880098e+023.180648e+023.500668e+023.843019e+024.195238e+024.548164e+024.899753e+025.239137e+025.570837e+025.877131e+026.158126e+026.412795e+026.617735e+026.796557e+026.949179e+027.043679e+027.100005e+023.789795e+024.133996e+024.472412e+024.804862e+025.119440e+025.413621e+025.697318e+025.934430e+026.138248e+026.318637e+026.460766e+026.551751e+026.582898e+026.595123e+026.560004e+026.485509e+026.334127e+026.164417e+025.950005e+025.708345e+025.418992e+025.124173e+024.802811e+024.474530e+024.134106e+023.789795e+023.444740e+023.108699e+022.779629e+022.464121e+022.169186e+021.885970e+021.638398e+021.439901e+021.259348e+021.109999e+021.019996e+029.899955e+019.799973e+011.020000e+021.119133e+021.240833e+021.417120e+021.629997e+021.872784e+022.157726e+022.456546e+022.769174e+023.103666e+023.445090e+02
Average Radius: 278.3537
Fitting Fourier Series to mask perimeter for frame: 25
Generating 667 periemter points
Perimeter point generation complete
Number of Perimeter Fourier Fit Points: 667
Minimum Arc Length: 3
(Max) Number of Terms in Fit: 40
Adaptive Number of Terms (T/F): 0
Beginning Fit
Creating X and Y Fourier function files with 40 number of terms
Deleting function files
Fit complete
Number of plotting points: 17795561
Analysis complete
------------------------------
Starting analysis of frame 26
Centroid: 436.9273      379.0188
Area: 253823
Perimeter Length: 2028.59
Generating 50 periemter points
Perimeter point generation complete
Tracking Points:
7.176892e+027.148695e+027.083045e+026.977251e+026.830004e+026.651606e+026.432408e+026.175939e+025.891373e+025.579005e+025.254439e+024.907182e+024.549245e+024.188720e+023.831365e+023.479285e+023.145893e+022.836089e+022.549688e+022.291418e+022.076195e+021.898501e+021.748011e+021.640750e+021.589998e+021.550000e+021.599690e+021.666128e+021.769998e+021.909997e+022.089995e+022.306693e+022.565660e+022.843707e+023.153484e+023.483227e+023.829386e+024.188696e+024.549267e+024.907254e+025.259615e+025.591926e+025.903168e+026.185165e+026.442917e+026.669199e+026.847681e+026.990004e+027.099253e+027.160003e+023.790188e+024.141311e+024.486967e+024.822760e+025.142987e+025.448401e+025.727601e+025.974073e+026.188633e+026.361000e+026.514449e+026.610004e+026.650759e+026.660002e+026.610002e+026.529289e+026.390005e+026.206101e+025.989689e+025.741424e+025.456207e+025.148507e+024.828020e+024.490754e+024.141293e+023.790188e+023.440309e+023.096139e+022.761063e+022.438190e+022.134196e+021.853296e+021.609995e+021.386281e+021.206504e+021.063218e+029.599990e+019.199980e+019.292636e+019.699965e+011.049999e+021.191918e+021.373157e+021.595152e+021.842907e+022.119195e+022.427672e+022.752568e+023.089249e+023.437637e+02
Average Radius: 283.8498
Fitting Fourier Series to mask perimeter for frame: 26
Generating 676 periemter points
Perimeter point generation complete
Number of Perimeter Fourier Fit Points: 676
Minimum Arc Length: 3
(Max) Number of Terms in Fit: 40
Adaptive Number of Terms (T/F): 0
Beginning Fit
Creating X and Y Fourier function files with 40 number of terms
Deleting function files
Fit complete
Number of plotting points: 18279041
Analysis complete
------------------------------
Starting analysis of frame 27
Centroid: 436.5066      378.9128
Area: 264482
Perimeter Length: 2088.302
Generating 50 periemter points
Perimeter point generation complete
Tracking Points:
7.229723e+027.200004e+027.130765e+027.030005e+026.878890e+026.690992e+026.467018e+026.210331e+025.914093e+025.602084e+025.262128e+024.912715e+024.548203e+024.181815e+023.812093e+023.456229e+023.117659e+022.789999e+022.502980e+022.249995e+022.024011e+021.838250e+021.689997e+021.591303e+021.519998e+021.499999e+021.520000e+021.608604e+021.718654e+021.859997e+022.040000e+022.258791e+022.520530e+022.809998e+023.123184e+023.465320e+023.815842e+024.181504e+024.548636e+024.912945e+025.270002e+025.616359e+025.935124e+026.223128e+026.490004e+026.701567e+026.903580e+027.032878e+027.145299e+027.210000e+023.789128e+024.147264e+024.499239e+024.844252e+025.171115e+025.479013e+025.762993e+026.019671e+026.230005e+026.417925e+026.550003e+026.660003e+026.700003e+026.701822e+026.687915e+026.586241e+026.440003e+026.271037e+026.040004e+025.775312e+025.490004e+025.178257e+024.848263e+024.501309e+024.148544e+023.789128e+023.429713e+023.081389e+022.741340e+022.411955e+022.099869e+021.811204e+021.559468e+021.338734e+021.149996e+021.019996e+029.099958e+018.714977e+018.713577e+019.170456e+011.004020e+021.129996e+021.315112e+021.543117e+021.793678e+022.091561e+022.393568e+022.732867e+023.075286e+023.429729e+02
Average Radius: 289.57
Fitting Fourier Series to mask perimeter for frame: 27
Generating 696 periemter points
Perimeter point generation complete
Number of Perimeter Fourier Fit Points: 696
Minimum Arc Length: 3
(Max) Number of Terms in Fit: 40
Adaptive Number of Terms (T/F): 0
Beginning Fit
Creating X and Y Fourier function files with 40 number of terms
Deleting function files
Fit complete
Number of plotting points: 19376641
Analysis complete
------------------------------
Starting analysis of frame 28
Centroid: 436.8289      378.9316
Area: 272084
Perimeter Length: 2104.446
Generating 50 periemter points
Perimeter point generation complete
Tracking Points:
7.259782e+027.250004e+027.170002e+027.063562e+026.920003e+026.726995e+026.499421e+026.240003e+025.945465e+025.626616e+025.281537e+024.924570e+024.554560e+024.181899e+023.810956e+023.446446e+023.091860e+022.780798e+022.481542e+022.227119e+021.989996e+021.809995e+021.668307e+021.559999e+021.492591e+021.449313e+021.499996e+021.553410e+021.669998e+021.819997e+022.012359e+022.229313e+022.499573e+022.789094e+023.108297e+023.449236e+023.811729e+024.181980e+024.555103e+024.926402e+025.284342e+025.629081e+025.956581e+026.253907e+026.519344e+026.749366e+026.930650e+027.076909e+027.190004e+027.250004e+023.789316e+024.153361e+024.508674e+024.856450e+025.192133e+025.503016e+025.790582e+026.051829e+026.274547e+026.463396e+026.600002e+026.705443e+026.750004e+026.751907e+026.710960e+026.626458e+026.501867e+026.290802e+026.070002e+025.800009e+025.517247e+025.195750e+024.858315e+024.510363e+024.152601e+023.789316e+023.426967e+023.066578e+022.720987e+022.388381e+022.077632e+021.780684e+021.530425e+021.300902e+021.111696e+029.607604e+018.717222e+018.280119e+018.199958e+018.635876e+019.699957e+011.109998e+021.286570e+021.509996e+021.769341e+022.059363e+022.380647e+022.716898e+023.064823e+023.425271e+02
Average Radius: 293.7637
Fitting Fourier Series to mask perimeter for frame: 28
Generating 701 periemter points
Perimeter point generation complete
Number of Perimeter Fourier Fit Points: 701
Minimum Arc Length: 3
(Max) Number of Terms in Fit: 40
Adaptive Number of Terms (T/F): 0
Beginning Fit
Creating X and Y Fourier function files with 40 number of terms
Deleting function files
Fit complete
Number of plotting points: 19656041
Analysis complete
------------------------------
Starting analysis of frame 29
Centroid: 436.6198      379.1325
Area: 280060
Perimeter Length: 2178.593
Generating 50 periemter points
Perimeter point generation complete
Tracking Points:
7.317255e+027.290001e+027.216781e+027.100004e+026.942403e+026.753911e+026.523162e+026.259757e+025.964601e+025.637350e+025.293805e+024.930501e+024.556117e+024.176908e+023.797985e+023.430860e+023.037011e+022.753120e+022.449997e+022.192528e+021.965513e+021.775540e+021.619998e+021.519997e+021.450000e+021.409998e+021.449996e+021.519999e+021.631437e+021.789995e+021.975562e+022.206632e+022.470648e+022.766114e+023.085638e+023.433247e+023.801295e+024.176934e+024.555655e+024.929194e+025.298740e+025.644599e+025.978973e+026.274544e+026.550001e+026.772821e+026.970000e+027.113574e+027.234805e+027.300001e+023.791325e+024.160688e+024.523231e+024.873716e+025.207606e+025.526100e+025.816849e+026.080244e+026.310005e+026.492660e+026.646207e+026.749502e+026.810004e+026.800004e+026.770003e+026.670001e+026.615992e+026.333130e+026.107615e+025.832537e+025.535525e+025.215552e+024.878623e+024.522106e+024.159727e+023.791325e+023.422923e+023.060546e+022.708557e+022.375046e+022.054426e+021.763358e+021.499999e+021.269996e+021.069996e+029.199962e+018.299981e+017.830553e+017.799959e+018.399987e+019.212553e+011.074586e+021.249998e+021.484532e+021.740598e+022.042811e+022.359873e+022.703562e+023.054792e+023.420700e+02
Average Radius: 298.1353
Fitting Fourier Series to mask perimeter for frame: 29
Generating 726 periemter points
Perimeter point generation complete
Number of Perimeter Fourier Fit Points: 726
Minimum Arc Length: 3
(Max) Number of Terms in Fit: 40
Adaptive Number of Terms (T/F): 0
Beginning Fit
Creating X and Y Fourier function files with 40 number of terms
Deleting function files
Fit complete
Number of plotting points: 21083041
Analysis complete
------------------------------
Skipping analysis of frame 30
------------------------------
Skipping analysis of frame 31
------------------------------
Starting analysis of frame 32
Centroid: 436.8345      378.9008
Area: 294270
Perimeter Length: 2232.443
Generating 50 periemter points
Perimeter point generation complete
Tracking Points:
7.379684e+027.362724e+027.288878e+027.171249e+027.015640e+026.819861e+026.582123e+026.307258e+026.011616e+025.674750e+025.320515e+024.946538e+024.561660e+024.174505e+023.779997e+023.414531e+023.041671e+022.705010e+022.403766e+022.140804e+021.907157e+021.697376e+021.558485e+021.456605e+021.385781e+021.359004e+021.381701e+021.450234e+021.569998e+021.729998e+021.919749e+022.146981e+022.413718e+022.723244e+023.055935e+023.410154e+023.786715e+024.175259e+024.562060e+024.949974e+025.320037e+025.680753e+026.018611e+026.328994e+026.603566e+026.840004e+027.030004e+027.180004e+027.297054e+027.352083e+023.789008e+024.167286e+024.538874e+024.898757e+025.244372e+025.570139e+025.867885e+026.132752e+026.378390e+026.565262e+026.719487e+026.820004e+026.861667e+026.870004e+026.873236e+026.724544e+026.608333e+026.410004e+026.163776e+025.880808e+025.577166e+025.257386e+024.901510e+024.536616e+024.165794e+023.789008e+023.411708e+023.039765e+022.681065e+022.338565e+022.010000e+021.703009e+021.426271e+021.196745e+029.999958e+018.399997e+017.399964e+017.199959e+017.099973e+017.400000e+018.599999e+019.999988e+011.188605e+021.418990e+021.689996e+021.993243e+022.325749e+022.675794e+023.037044e+023.412075e+02
Average Radius: 305.4255
Fitting Fourier Series to mask perimeter for frame: 32
Generating 744 periemter points
Perimeter point generation complete
Number of Perimeter Fourier Fit Points: 744
Minimum Arc Length: 3
(Max) Number of Terms in Fit: 40
Adaptive Number of Terms (T/F): 0
Beginning Fit
Creating X and Y Fourier function files with 40 number of terms
Deleting function files
Fit complete
Number of plotting points: 22141441
Analysis complete
------------------------------
Starting analysis of frame 33
Centroid: 436.7547      379.1624
Area: 298115
Perimeter Length: 2253.696
Generating 50 periemter points
Perimeter point generation complete
Tracking Points:
7.397340e+027.386947e+027.310003e+027.190001e+027.033026e+026.840003e+026.600003e+026.323747e+026.010494e+025.679767e+025.328782e+024.947606e+024.562647e+024.172788e+023.769999e+023.399859e+023.037695e+022.699528e+022.391709e+022.111700e+021.883889e+021.689996e+021.529996e+021.435559e+021.352504e+021.338369e+021.369997e+021.439943e+021.549996e+021.703137e+021.906454e+022.129779e+022.407571e+022.713976e+023.044495e+023.403965e+023.785418e+024.173038e+024.562526e+024.951958e+025.327427e+025.695304e+026.030785e+026.338797e+026.623321e+026.848854e+027.048026e+027.200448e+027.314888e+027.380948e+023.791624e+024.173063e+024.547119e+024.909113e+025.256984e+025.587969e+025.888040e+026.156264e+026.380495e+026.580234e+026.750002e+026.832403e+026.892656e+026.887221e+026.924082e+026.769860e+026.617703e+026.420001e+026.180002e+025.910005e+025.596107e+025.263621e+024.915090e+024.544431e+024.172513e+023.791624e+023.412946e+023.039944e+022.676077e+022.326853e+022.003536e+021.690220e+021.422421e+021.186013e+029.799957e+018.260237e+017.399959e+016.999966e+016.925168e+017.280356e+018.374175e+019.699957e+011.170781e+021.408792e+021.673311e+021.988849e+022.318019e+022.670000e+023.034876e+023.410943e+02
Average Radius: 307.5463
Fitting Fourier Series to mask perimeter for frame: 33
Generating 751 periemter points
Perimeter point generation complete
Number of Perimeter Fourier Fit Points: 751
Minimum Arc Length: 3
(Max) Number of Terms in Fit: 40
Adaptive Number of Terms (T/F): 0
Beginning Fit
Creating X and Y Fourier function files with 40 number of terms
Deleting function files
Fit complete
Number of plotting points: 22560041
Analysis complete
------------------------------
Starting analysis of frame 34
Centroid: 436.6362      378.9001
Area: 301438
Perimeter Length: 2229.91
Generating 50 periemter points
Perimeter point generation complete
Tracking Points:
7.409682e+027.398020e+027.322102e+027.206514e+027.047203e+026.850004e+026.614352e+026.333340e+026.025937e+025.689401e+025.328830e+024.950344e+024.563150e+024.170005e+023.766031e+023.395866e+023.029652e+022.686317e+022.384567e+022.103737e+021.865773e+021.670861e+021.524258e+021.409997e+021.350000e+021.318997e+021.339996e+021.418001e+021.523376e+021.697958e+021.884306e+022.120243e+022.390008e+022.702623e+023.039840e+023.397665e+023.779011e+024.170715e+024.561964e+024.955621e+025.334299e+025.698362e+026.040688e+026.350542e+026.626159e+026.864215e+027.064098e+027.219404e+027.336429e+027.400004e+023.789001e+024.171988e+024.547906e+024.913497e+025.262806e+025.593473e+025.900004e+026.166670e+026.404074e+026.600602e+026.751175e+026.850346e+026.916861e+026.910000e+026.936043e+026.775878e+026.629654e+026.436328e+026.184579e+025.913747e+025.605785e+025.270865e+024.914270e+024.548066e+024.170056e+023.789001e+023.406682e+023.031991e+022.663383e+022.322034e+021.985682e+021.679756e+021.400000e+021.167368e+029.699997e+018.076580e+017.099986e+016.792820e+016.799975e+016.999960e+018.099959e+019.583557e+011.150685e+021.390539e+021.666910e+021.974204e+022.305908e+022.659402e+023.026417e+023.405763e+02
Average Radius: 309.3326
Fitting Fourier Series to mask perimeter for frame: 34
Generating 743 periemter points
Perimeter point generation complete
Number of Perimeter Fourier Fit Points: 743
Minimum Arc Length: 3
(Max) Number of Terms in Fit: 40
Adaptive Number of Terms (T/F): 0
Beginning Fit
Creating X and Y Fourier function files with 40 number of terms
Deleting function files
Fit complete
Number of plotting points: 22081961
Analysis complete
------------------------------
Starting analysis of frame 35
Centroid: 436.5454      378.8907
Area: 304219
Perimeter Length: 2236.71
Generating 50 periemter points
Perimeter point generation complete
Tracking Points:
7.429652e+027.400003e+027.340003e+027.213488e+027.053396e+026.853461e+026.616877e+026.341940e+026.029298e+025.692961e+025.333074e+024.953204e+024.563075e+024.168462e+023.759994e+023.392706e+023.019404e+022.674078e+022.365919e+022.082621e+021.849996e+021.664021e+021.502444e+021.392279e+021.329997e+021.309998e+021.339996e+021.401977e+021.519997e+021.678340e+021.878190e+022.104376e+022.375963e+022.690752e+023.029704e+023.393242e+023.774305e+024.168600e+024.562937e+024.956603e+025.339858e+025.704116e+026.046504e+026.359058e+026.646692e+026.875363e+027.073771e+027.233412e+027.340004e+027.410004e+023.788907e+024.172259e+024.552641e+024.916523e+025.266615e+025.596550e+025.903133e+026.178068e+026.410705e+026.610004e+026.766936e+026.870004e+026.930003e+026.920002e+026.962838e+026.782716e+026.649407e+026.454089e+026.205929e+025.932630e+025.616494e+025.274032e+024.922453e+024.552288e+024.172374e+023.788907e+023.406702e+023.028015e+022.662311e+022.311653e+021.981803e+021.665613e+021.384026e+021.149999e+029.502944e+017.967471e+016.899960e+016.599981e+016.499967e+016.899964e+017.899998e+019.441046e+011.139996e+021.379054e+021.646682e+021.965351e+022.299997e+022.653401e+023.025172e+023.404290e+02
Average Radius: 310.8533
Fitting Fourier Series to mask perimeter for frame: 35
Generating 745 periemter points
Perimeter point generation complete
Number of Perimeter Fourier Fit Points: 745
Minimum Arc Length: 3
(Max) Number of Terms in Fit: 40
Adaptive Number of Terms (T/F): 0
Beginning Fit
Creating X and Y Fourier function files with 40 number of terms
Deleting function files
Fit complete
Number of plotting points: 22201001
Analysis complete
------------------------------
Starting analysis of frame 36
Centroid: 436.5412      378.9992
Area: 305963
Perimeter Length: 2259.712
Generating 50 periemter points
Perimeter point generation complete
Tracking Points:
7.439998e+027.414794e+027.340004e+027.220000e+027.065586e+026.868843e+026.621451e+026.345954e+026.036618e+025.698039e+025.337680e+024.954863e+024.562964e+024.168488e+023.762607e+023.390490e+023.026120e+022.670594e+022.366387e+022.083160e+021.854364e+021.651804e+021.489998e+021.389996e+021.329996e+021.280008e+021.339997e+021.399998e+021.509999e+021.671173e+021.860171e+022.098641e+022.379981e+022.686127e+023.026125e+023.387405e+023.774056e+024.167394e+024.563972e+024.958675e+025.342582e+025.710832e+026.048258e+026.368581e+026.636917e+026.887556e+027.080003e+027.241338e+027.345062e+027.415311e+023.789992e+024.175219e+024.553738e+024.920204e+025.274426e+025.608842e+025.908554e+026.184057e+026.423392e+026.621969e+026.782328e+026.880004e+026.930003e+026.920002e+026.950003e+026.790492e+026.636131e+026.460597e+026.206398e+025.933169e+025.614375e+025.281811e+024.928449e+024.553949e+024.173454e+023.789992e+023.407793e+023.028603e+022.659454e+022.308822e+021.969828e+021.661353e+021.390019e+021.143862e+029.438636e+017.799968e+016.899961e+016.425964e+016.339607e+016.799982e+017.825723e+019.308284e+011.138251e+021.368576e+021.656907e+021.957547e+022.297633e+022.651332e+023.024948e+023.404700e+02
Average Radius: 311.5756
Fitting Fourier Series to mask perimeter for frame: 36
Generating 753 periemter points
Perimeter point generation complete
Number of Perimeter Fourier Fit Points: 753
Minimum Arc Length: 3
(Max) Number of Terms in Fit: 40
Adaptive Number of Terms (T/F): 0
Beginning Fit
Creating X and Y Fourier function files with 40 number of terms
Deleting function files
Fit complete
Number of plotting points: 22680361
Analysis complete
------------------------------
Starting analysis of frame 37
Centroid: 436.4912      378.9991
Area: 306743
Perimeter Length: 2283.821
Generating 50 periemter points
Perimeter point generation complete
Tracking Points:
7.439997e+027.415364e+027.340004e+027.230004e+027.065409e+026.858394e+026.626369e+026.354736e+026.040191e+025.696614e+025.334852e+024.954363e+024.563094e+024.166510e+023.759998e+023.386899e+023.019093e+022.657778e+022.359996e+022.075380e+021.842570e+021.669998e+021.489998e+021.379996e+021.324120e+021.289991e+021.324136e+021.399998e+021.509999e+021.670997e+021.865747e+022.096697e+022.371192e+022.685821e+023.025785e+023.390117e+023.772985e+024.166924e+024.562910e+024.958468e+025.342918e+025.710722e+026.051834e+026.363782e+026.646988e+026.881551e+027.090003e+027.237258e+027.350004e+027.415385e+023.789991e+024.175353e+024.553865e+024.924362e+025.274602e+025.601612e+025.913641e+026.195276e+026.429810e+026.620004e+026.775160e+026.880004e+026.940003e+026.943501e+026.961058e+026.800004e+026.650001e+026.480003e+026.213517e+025.940004e+025.622579e+025.271533e+024.928250e+024.556387e+024.174132e+023.789991e+023.405852e+023.028731e+022.659651e+022.308999e+021.974242e+021.659996e+021.379998e+021.144168e+029.442031e+017.898823e+016.870046e+016.430659e+016.428998e+016.784613e+017.799966e+019.299989e+011.131827e+021.373772e+021.646979e+021.961545e+022.291860e+022.652749e+023.023550e+023.404627e+02
Average Radius: 311.9009
Fitting Fourier Series to mask perimeter for frame: 37
Generating 761 periemter points
Perimeter point generation complete
Number of Perimeter Fourier Fit Points: 761
Minimum Arc Length: 3
(Max) Number of Terms in Fit: 40
Adaptive Number of Terms (T/F): 0
Beginning Fit
Creating X and Y Fourier function files with 40 number of terms
Deleting function files
Fit complete
Number of plotting points: 23164841
Analysis complete
------------------------------
Starting analysis of frame 38
Centroid: 436.3975      379.2848
Area: 304774
Perimeter Length: 2241.333
Generating 50 periemter points
Perimeter point generation complete
Tracking Points:
7.427730e+027.410003e+027.334471e+027.210238e+027.043876e+026.850552e+026.619282e+026.343875e+026.031218e+025.696149e+025.331311e+024.950974e+024.561348e+024.166211e+023.759999e+023.387652e+023.019660e+022.655291e+022.362368e+022.083936e+021.849627e+021.653135e+021.509997e+021.389996e+021.335429e+021.299997e+021.339999e+021.406493e+021.509996e+021.675269e+021.869999e+022.106785e+022.377899e+022.689996e+023.026231e+023.391161e+023.773343e+024.165874e+024.561707e+024.955876e+025.339660e+025.706425e+026.052371e+026.368331e+026.635232e+026.871227e+027.070004e+027.230003e+027.346958e+027.408271e+023.792848e+024.177650e+024.555541e+024.919763e+025.266135e+025.599451e+025.910721e+026.186136e+026.420002e+026.623862e+026.770002e+026.870001e+026.930002e+026.936222e+026.959000e+026.797661e+026.649662e+026.485303e+026.212376e+025.933947e+025.619629e+025.283145e+024.922818e+024.556436e+024.175442e+023.792848e+023.410830e+023.033495e+022.662877e+022.314719e+021.980867e+021.673205e+021.392094e+021.155079e+029.499960e+017.988338e+016.966459e+016.441145e+016.499977e+016.899961e+017.899995e+019.399961e+011.132362e+021.369998e+021.659996e+021.971222e+022.305195e+022.658107e+023.026948e+023.408264e+02
Average Radius: 311.0943
Fitting Fourier Series to mask perimeter for frame: 38
Generating 747 periemter points
Perimeter point generation complete
Number of Perimeter Fourier Fit Points: 747
Minimum Arc Length: 3
(Max) Number of Terms in Fit: 40
Adaptive Number of Terms (T/F): 0
Beginning Fit
Creating X and Y Fourier function files with 40 number of terms
Deleting function files
Fit complete
Number of plotting points: 22320361
Analysis complete
------------------------------
Starting analysis of frame 39
Centroid: 436.1646      379.3311
Area: 302877
Perimeter Length: 2253.022
Generating 50 periemter points
Perimeter point generation complete
Tracking Points:
7.417877e+027.384790e+027.310432e+027.200004e+027.040004e+026.837722e+026.610004e+026.333336e+026.025262e+025.691216e+025.328271e+024.948556e+024.558361e+024.165561e+023.749966e+023.386007e+023.024622e+022.675658e+022.365829e+022.089996e+021.860499e+021.678421e+021.511684e+021.410924e+021.344458e+021.313300e+021.356336e+021.413606e+021.533601e+021.687050e+021.879832e+022.111197e+022.390000e+022.694182e+023.025702e+023.389290e+023.771565e+024.165144e+024.559367e+024.951727e+025.331458e+025.700001e+026.039476e+026.350001e+026.633396e+026.870001e+027.070004e+027.228321e+027.328437e+027.390001e+023.793311e+024.175223e+024.550431e+024.917096e+025.265751e+025.592286e+025.904660e+026.176674e+026.414750e+026.618790e+026.768276e+026.870002e+026.920002e+026.910004e+026.999851e+026.796019e+026.634633e+026.450004e+026.205840e+025.926533e+025.610501e+025.268427e+024.921691e+024.550928e+024.174471e+023.793311e+023.413652e+023.036383e+022.673609e+022.322940e+021.990167e+021.679998e+021.410000e+021.165807e+029.542860e+018.007067e+016.999979e+016.699960e+016.506303e+016.999977e+018.085374e+019.491626e+011.149474e+021.389804e+021.659996e+021.970884e+022.304379e+022.658314e+023.031569e+023.410741e+02
Average Radius: 309.9495
Fitting Fourier Series to mask perimeter for frame: 39
Generating 751 periemter points
Perimeter point generation complete
Number of Perimeter Fourier Fit Points: 751
Minimum Arc Length: 3
(Max) Number of Terms in Fit: 40
Adaptive Number of Terms (T/F): 0
Beginning Fit
Creating X and Y Fourier function files with 40 number of terms
Deleting function files
Fit complete
Number of plotting points: 22560041
Analysis complete
------------------------------
Starting analysis of frame 40
Centroid: 435.4767       380.408
Area: 302490
Perimeter Length: 2793.452
Generating 50 periemter points
Perimeter point generation complete
Tracking Points:
7.388124e+027.380004e+027.299772e+027.180003e+027.010004e+026.828589e+026.593562e+026.315641e+026.005225e+025.676693e+025.313930e+024.939683e+024.550804e+024.158804e+023.749999e+023.387831e+023.014712e+022.602092e+022.375994e+022.090874e+021.863836e+021.676473e+021.519996e+021.418084e+021.345786e+021.314068e+021.349996e+021.417813e+021.533090e+021.679996e+021.876486e+022.101692e+022.385882e+022.685792e+023.020781e+023.381456e+023.763810e+024.156958e+024.551946e+024.943087e+025.328192e+025.697796e+026.039098e+026.355554e+026.623556e+026.870004e+027.060004e+027.210004e+027.314231e+027.388297e+023.804080e+024.186256e+024.560229e+024.922670e+025.263809e+025.601417e+025.906449e+026.174370e+026.404787e+026.613317e+026.756082e+026.870319e+026.920001e+026.918810e+026.974385e+026.780003e+026.651841e+026.565853e+026.196005e+025.930017e+025.613847e+025.276484e+024.926445e+024.558092e+024.184203e+023.804080e+023.424489e+023.049999e+022.686899e+022.333612e+022.003504e+021.688302e+021.424107e+021.174197e+029.692159e+018.085380e+017.061783e+016.599966e+016.699975e+017.199965e+018.081848e+019.499971e+011.149999e+021.385543e+021.673545e+021.976653e+022.316863e+022.673612e+023.044219e+023.420856e+02
Average Radius: 309.5527
Fitting Fourier Series to mask perimeter for frame: 40
Generating 931 periemter points
Perimeter point generation complete
Number of Perimeter Fourier Fit Points: 931
Minimum Arc Length: 3
(Max) Number of Terms in Fit: 40
Adaptive Number of Terms (T/F): 0
Beginning Fit
Creating X and Y Fourier function files with 40 number of terms
Deleting function files
Fit complete
Number of plotting points: 34670441
Analysis complete
------------------------------
Skipping analysis of frame 41
------------------------------
Starting analysis of frame 42
Centroid: 436.2398      378.7747
Area: 297281
Perimeter Length: 2204.322
Generating 50 periemter points
Perimeter point generation complete
Tracking Points:
7.379283e+027.370003e+027.280004e+027.170463e+027.014345e+026.823887e+026.585053e+026.318155e+026.012351e+025.677509e+025.323695e+024.946554e+024.558084e+024.167384e+023.762498e+023.399903e+023.036152e+022.695052e+022.386358e+022.116642e+021.880759e+021.694451e+021.539996e+021.430522e+021.369996e+021.337738e+021.370248e+021.450000e+021.561286e+021.710271e+021.906533e+022.134436e+022.406508e+022.704566e+023.041171e+023.398578e+023.779245e+024.167504e+024.557921e+024.944682e+025.326678e+025.692066e+026.033897e+026.334227e+026.606924e+026.856029e+027.040004e+027.188729e+027.302792e+027.360001e+023.787747e+024.167696e+024.536861e+024.899539e+025.245667e+025.576124e+025.874959e+026.151852e+026.387657e+026.582500e+026.746316e+026.850004e+026.898091e+026.887394e+026.932530e+026.750000e+026.606163e+026.415064e+026.176369e+025.896652e+025.590763e+025.254463e+024.905215e+024.540525e+024.165775e+023.787747e+023.409751e+023.039970e+022.678708e+022.329728e+022.003457e+021.695552e+021.423482e+021.175422e+029.799982e+018.214158e+017.307519e+016.899970e+016.799974e+017.353077e+018.199963e+019.620581e+011.153886e+021.404215e+021.679996e+021.976018e+022.315720e+022.668723e+023.032782e+023.409062e+02
Average Radius: 307.1406
Fitting Fourier Series to mask perimeter for frame: 42
Generating 734 periemter points
Perimeter point generation complete
Number of Perimeter Fourier Fit Points: 734
Minimum Arc Length: 3
(Max) Number of Terms in Fit: 40
Adaptive Number of Terms (T/F): 0
Beginning Fit
Creating X and Y Fourier function files with 40 number of terms
Deleting function files
Fit complete
Number of plotting points: 21550241
Analysis complete
------------------------------
Starting analysis of frame 43
Centroid: 435.7687      378.6875
Area: 292323
Perimeter Length: 2276.636
Generating 50 periemter points
Perimeter point generation complete
Tracking Points:
7.359008e+027.330003e+027.266326e+027.120938e+026.974521e+026.799238e+026.560004e+026.293337e+025.994280e+025.668184e+025.310718e+024.933679e+024.551661e+024.163291e+023.775272e+023.396155e+023.042270e+022.695714e+022.387914e+022.119071e+021.889857e+021.718031e+021.559996e+021.459999e+021.379996e+021.349996e+021.389997e+021.465659e+021.574897e+021.734966e+021.922433e+022.148079e+022.417908e+022.721437e+023.046282e+023.405089e+023.778632e+024.164106e+024.551353e+024.936298e+025.312871e+025.675785e+026.007381e+026.320004e+026.595469e+026.824582e+027.028557e+027.160003e+027.270001e+027.339862e+023.786875e+024.162366e+024.533686e+024.880923e+025.225491e+025.560765e+025.854988e+026.126673e+026.365732e+026.571823e+026.720001e+026.806332e+026.870002e+026.876720e+026.840004e+026.746167e+026.582278e+026.405725e+026.167922e+025.889075e+025.579858e+025.238038e+024.894559e+024.530875e+024.163045e+023.786875e+023.411968e+023.044328e+022.685090e+022.345022e+022.017559e+021.711914e+021.442084e+021.208557e+029.999959e+018.550800e+017.513620e+017.099961e+017.086412e+017.536922e+018.471215e+019.857736e+011.187372e+021.414841e+021.685458e+021.994571e+022.318551e+022.677359e+023.039119e+023.410138e+02
Average Radius: 304.6015
Fitting Fourier Series to mask perimeter for frame: 43
Generating 758 periemter points
Perimeter point generation complete
Number of Perimeter Fourier Fit Points: 758
Minimum Arc Length: 3
(Max) Number of Terms in Fit: 40
Adaptive Number of Terms (T/F): 0
Beginning Fit
Creating X and Y Fourier function files with 40 number of terms
Deleting function files
Fit complete
Number of plotting points: 22982561
Analysis complete
------------------------------
Starting analysis of frame 44
Centroid: 435.7442      378.9474
Area: 288695
Perimeter Length: 2227.564
Generating 50 periemter points
Perimeter point generation complete
Tracking Points:
7.329832e+027.310003e+027.230004e+027.110001e+026.941371e+026.774466e+026.550002e+026.273917e+025.977590e+025.654387e+025.304817e+024.933638e+024.550586e+024.164889e+023.769988e+023.406417e+023.048156e+022.713442e+022.411594e+022.135761e+021.906754e+021.719999e+021.579999e+021.469999e+021.409997e+021.380523e+021.403663e+021.489996e+021.601624e+021.749996e+021.943990e+022.162090e+022.430182e+022.720457e+023.056070e+023.409129e+023.783353e+024.165288e+024.549927e+024.932888e+025.308943e+025.666850e+026.000473e+026.309369e+026.581216e+026.808605e+027.010002e+027.138416e+027.240867e+027.320004e+023.789474e+024.162470e+024.527023e+024.879290e+025.210002e+025.545546e+025.848426e+026.106095e+026.342419e+026.545625e+026.705196e+026.810004e+026.859417e+026.850004e+026.869016e+026.716428e+026.571849e+026.380004e+026.141600e+025.875772e+025.570004e+025.239421e+024.889142e+024.530844e+024.161823e+023.789474e+023.416325e+023.053240e+022.698369e+022.356019e+022.035999e+021.727902e+021.459817e+021.209999e+021.023919e+028.708674e+017.799963e+017.352758e+017.299999e+017.728779e+018.610531e+011.006840e+021.200471e+021.429999e+021.701211e+022.008600e+022.331217e+022.688409e+023.049137e+023.415216e+02
Average Radius: 302.5405
Fitting Fourier Series to mask perimeter for frame: 44
Generating 742 periemter points
Perimeter point generation complete
Number of Perimeter Fourier Fit Points: 742
Minimum Arc Length: 3
(Max) Number of Terms in Fit: 40
Adaptive Number of Terms (T/F): 0
Beginning Fit
Creating X and Y Fourier function files with 40 number of terms
Deleting function files
Fit complete
Number of plotting points: 22022561
Analysis complete
------------------------------
Starting analysis of frame 45
Centroid: 435.454      379.0807
Area: 283522
Perimeter Length: 2272.792
Generating 50 periemter points
Perimeter point generation complete
Tracking Points:
7.307092e+027.280001e+027.190002e+027.080077e+026.906340e+026.743513e+026.528095e+026.256601e+025.965963e+025.640002e+025.294943e+024.922852e+024.544492e+024.164224e+023.767152e+023.404553e+023.050989e+022.717732e+022.419666e+022.171146e+021.939995e+021.749996e+021.609997e+021.508430e+021.430000e+021.400804e+021.455423e+021.517588e+021.629997e+021.789392e+021.953581e+022.180628e+022.446095e+022.735745e+023.066470e+023.411516e+023.783368e+024.163629e+024.544914e+024.925068e+025.300319e+025.649302e+025.986027e+026.286038e+026.559867e+026.790002e+026.980003e+027.117059e+027.226629e+027.280002e+023.790807e+024.160379e+024.518830e+024.869924e+025.193671e+025.526498e+025.831912e+026.090004e+026.330004e+026.522554e+026.685070e+026.770003e+026.810004e+026.815788e+026.870003e+026.714565e+026.560994e+026.370003e+026.129668e+025.841151e+025.545077e+025.222667e+024.877449e+024.521564e+024.160263e+023.790807e+023.424564e+023.062402e+022.712085e+022.380605e+022.046408e+021.749369e+021.483894e+021.239996e+021.053519e+028.884778e+017.966206e+017.563598e+017.649011e+017.999958e+018.799995e+011.039298e+021.219996e+021.456027e+021.719867e+022.021340e+022.347447e+022.697049e+023.053380e+023.421236e+02
Average Radius: 299.7259
Fitting Fourier Series to mask perimeter for frame: 45
Generating 757 periemter points
Perimeter point generation complete
Number of Perimeter Fourier Fit Points: 757
Minimum Arc Length: 3
(Max) Number of Terms in Fit: 40
Adaptive Number of Terms (T/F): 0
Beginning Fit
Creating X and Y Fourier function files with 40 number of terms
Deleting function files
Fit complete
Number of plotting points: 22921961
Analysis complete
------------------------------
Starting analysis of frame 46
Centroid: 435.1258       379.014
Area: 276775
Perimeter Length: 2202.977
Generating 50 periemter points
Perimeter point generation complete
Tracking Points:
7.266876e+027.220003e+027.135103e+027.028163e+026.880732e+026.710004e+026.491544e+026.230004e+025.946373e+025.626424e+025.277235e+024.913975e+024.540623e+024.161894e+023.780912e+023.412285e+023.057271e+022.703652e+022.440205e+022.179999e+021.952749e+021.771771e+021.628249e+021.529996e+021.469996e+021.440139e+021.486442e+021.549282e+021.649999e+021.808013e+021.989995e+022.209999e+022.467239e+022.758943e+023.077252e+023.421465e+023.786581e+024.162949e+024.540011e+024.917843e+025.282888e+025.635967e+025.965894e+026.261301e+026.532152e+026.754265e+026.960004e+027.080000e+027.190002e+027.250004e+023.790140e+024.152547e+024.504910e+024.850002e+025.180730e+025.503869e+025.800002e+026.061153e+026.303638e+026.500004e+026.640003e+026.740004e+026.800001e+026.800003e+026.780001e+026.680003e+026.540003e+026.386353e+026.100206e+025.829089e+025.532759e+025.208225e+024.868256e+024.514517e+024.154128e+023.790140e+023.428230e+023.070715e+022.720636e+022.391979e+022.074582e+021.779364e+021.512752e+021.281052e+021.082738e+029.285291e+018.299962e+017.970409e+017.900105e+018.199972e+019.228780e+011.059996e+021.245882e+021.481295e+021.742144e+022.044253e+022.355970e+022.709755e+023.061275e+023.423943e+02
Average Radius: 296.3403
Fitting Fourier Series to mask perimeter for frame: 46
Generating 734 periemter points
Perimeter point generation complete
Number of Perimeter Fourier Fit Points: 734
Minimum Arc Length: 3
(Max) Number of Terms in Fit: 40
Adaptive Number of Terms (T/F): 0
Beginning Fit
Creating X and Y Fourier function files with 40 number of terms
Deleting function files
Fit complete
Number of plotting points: 21550241
Analysis complete
------------------------------
Starting analysis of frame 47
Centroid: 434.7264      379.1235
Area: 271101
Perimeter Length: 2288.71
Generating 50 periemter points
Perimeter point generation complete
Tracking Points:
7.217222e+027.198568e+027.109536e+026.998909e+026.855247e+026.688074e+026.465088e+026.208691e+025.920001e+025.605304e+025.263137e+024.903401e+024.533804e+024.159864e+023.784756e+023.406524e+023.068577e+022.694620e+022.447566e+022.206016e+021.974869e+021.794575e+021.656552e+021.559996e+021.489997e+021.478759e+021.516377e+021.579423e+021.683437e+021.818796e+022.013982e+022.223294e+022.482666e+022.772622e+023.085568e+023.427990e+023.791608e+024.160310e+024.533569e+024.907001e+025.267189e+025.622093e+025.948344e+026.246031e+026.510310e+026.735843e+026.917980e+027.043666e+027.160002e+027.218518e+023.791235e+024.151439e+024.500466e+024.841096e+025.170011e+025.491934e+025.780005e+026.041314e+026.269472e+026.464708e+026.610004e+026.706610e+026.756208e+026.769865e+026.740004e+026.686535e+026.508583e+026.395385e+026.087575e+025.802000e+025.514881e+025.194588e+024.856563e+024.506884e+024.152192e+023.791235e+023.433611e+023.080574e+022.736551e+022.401198e+022.096007e+021.796695e+021.537324e+021.309996e+021.109996e+029.620018e+018.783852e+018.196887e+018.299961e+018.569900e+019.599965e+011.082085e+021.268337e+021.496020e+021.759999e+022.055831e+022.377972e+022.723654e+023.069047e+023.428511e+02
Average Radius: 293.3399
Fitting Fourier Series to mask perimeter for frame: 47
Generating 762 periemter points
Perimeter point generation complete
Number of Perimeter Fourier Fit Points: 762
Minimum Arc Length: 3
(Max) Number of Terms in Fit: 40
Adaptive Number of Terms (T/F): 0
Beginning Fit
Creating X and Y Fourier function files with 40 number of terms
Deleting function files
Fit complete
Number of plotting points: 23225761
Analysis complete
------------------------------
Starting analysis of frame 48
Centroid: 434.3828      379.3742
Area: 265936
Perimeter Length: 2137.492
Generating 50 periemter points
Perimeter point generation complete
Tracking Points:
7.188014e+027.140004e+027.080004e+026.970004e+026.829661e+026.656219e+026.437683e+026.190014e+025.908964e+025.582966e+025.251804e+024.898227e+024.528055e+024.159148e+023.789294e+023.404109e+023.069987e+022.746959e+022.464929e+022.208728e+021.998045e+021.827238e+021.686027e+021.575448e+021.519999e+021.496246e+021.522646e+021.609997e+021.719995e+021.854671e+022.040000e+022.246123e+022.499996e+022.787939e+023.095070e+023.434590e+023.791525e+024.158623e+024.529032e+024.896507e+025.260002e+025.606703e+025.931685e+026.222648e+026.490003e+026.700003e+026.899018e+027.029652e+027.120753e+027.185222e+023.793742e+024.146981e+024.496273e+024.833519e+025.160340e+025.473793e+025.760003e+026.025397e+026.260002e+026.427045e+026.588204e+026.700003e+026.721953e+026.729152e+026.700709e+026.685901e+026.500791e+026.310004e+026.064941e+025.798734e+025.498053e+025.177249e+024.846040e+024.504541e+024.150474e+023.793742e+023.437344e+023.091814e+022.754893e+022.425316e+022.119913e+021.823866e+021.564932e+021.342053e+021.139995e+029.953968e+018.984684e+018.499980e+018.499985e+018.964953e+019.740466e+011.109996e+021.291679e+021.522639e+021.778350e+022.081881e+022.389014e+022.730349e+023.080749e+023.434790e+02
Average Radius: 290.3307
Fitting Fourier Series to mask perimeter for frame: 48
Generating 712 periemter points
Perimeter point generation complete
Number of Perimeter Fourier Fit Points: 712
Minimum Arc Length: 3
(Max) Number of Terms in Fit: 40
Adaptive Number of Terms (T/F): 0
Beginning Fit
Creating X and Y Fourier function files with 40 number of terms
Deleting function files
Fit complete
Number of plotting points: 20277761
Analysis complete
------------------------------
Starting analysis of frame 49
Centroid: 433.1739      380.9487
Area: 261612
Perimeter Length: 2184.027
Generating 50 periemter points
Perimeter point generation complete
Tracking Points:
7.149837e+027.110001e+027.036151e+026.930003e+026.780005e+026.613052e+026.399118e+026.155716e+025.872567e+025.563308e+025.222187e+024.877827e+024.515483e+024.147522e+023.770806e+023.409094e+023.060974e+022.739093e+022.451862e+022.221308e+022.002078e+021.839999e+021.699998e+021.619996e+021.549999e+021.481521e+021.559235e+021.625375e+021.729999e+021.869995e+022.049997e+022.263091e+022.503889e+022.789963e+023.089789e+023.428628e+023.782447e+024.148175e+024.515690e+024.881275e+025.243473e+025.585379e+025.910990e+026.200521e+026.462101e+026.676170e+026.870004e+027.000004e+027.080004e+027.144204e+023.809487e+024.160463e+024.503862e+024.838213e+025.155433e+025.466958e+025.750886e+026.014296e+026.237443e+026.426704e+026.550003e+026.672182e+026.730004e+026.737532e+026.750001e+026.649098e+026.510002e+026.319097e+026.081869e+025.791314e+025.502086e+025.179333e+024.851468e+024.505745e+024.160903e+023.809487e+023.459239e+023.114611e+022.779386e+022.456132e+022.151705e+021.866898e+021.599996e+021.380037e+021.170210e+021.029998e+029.299968e+018.918172e+018.856771e+019.287198e+011.003461e+021.145367e+021.320986e+021.550519e+021.808945e+022.106159e+022.414064e+022.753047e+023.103853e+023.454191e+02
Average Radius: 287.8335
Fitting Fourier Series to mask perimeter for frame: 49
Generating 728 periemter points
Perimeter point generation complete
Number of Perimeter Fourier Fit Points: 728
Minimum Arc Length: 3
(Max) Number of Terms in Fit: 40
Adaptive Number of Terms (T/F): 0
Beginning Fit
Creating X and Y Fourier function files with 40 number of terms
Deleting function files
Fit complete
Number of plotting points: 21199361
Analysis complete
------------------------------
Starting analysis of frame 50
Centroid: 431.159      383.6795
Area: 258603
Perimeter Length: 2608.159
Generating 50 periemter points
Perimeter point generation complete
Tracking Points:
7.108983e+027.060004e+026.990005e+026.877357e+026.745284e+026.560001e+026.360001e+026.100630e+025.822462e+025.515744e+025.192390e+024.852053e+024.492810e+024.125790e+023.722409e+023.398732e+023.026897e+022.688566e+022.428322e+022.194687e+021.979999e+021.850042e+021.714889e+021.619997e+021.521447e+021.439996e+021.581954e+021.655229e+021.740978e+021.873529e+022.058732e+022.249999e+022.509998e+022.782560e+023.084923e+023.414415e+023.762811e+024.128194e+024.495100e+024.860368e+025.225152e+025.561214e+025.885974e+026.190004e+026.439015e+026.666132e+026.830003e+026.950003e+027.060897e+027.110004e+023.836795e+024.184001e+024.524495e+024.852654e+025.174729e+025.470361e+025.760381e+025.999373e+026.217548e+026.395751e+026.547619e+026.670003e+026.717201e+026.790004e+026.925393e+026.646283e+026.566907e+026.394271e+026.113276e+025.824699e+025.530795e+025.190042e+024.864902e+024.527879e+024.189272e+023.836795e+023.491962e+023.154757e+022.819018e+022.496459e+022.199998e+021.900832e+021.659045e+021.427430e+021.229995e+021.075573e+029.599965e+019.217982e+019.199957e+019.599994e+011.025140e+021.181209e+021.355963e+021.566183e+021.839010e+022.126120e+022.452286e+022.792173e+023.130893e+023.483273e+02
Average Radius: 286.4747
Fitting Fourier Series to mask perimeter for frame: 50
Generating 869 periemter points
Perimeter point generation complete
Number of Perimeter Fourier Fit Points: 869
Minimum Arc Length: 3
(Max) Number of Terms in Fit: 40
Adaptive Number of Terms (T/F): 0
Beginning Fit
Creating X and Y Fourier function files with 40 number of terms
Deleting function files
Fit complete
Number of plotting points: 30206441
Analysis complete
------------------------------
Skipping analysis of frame 51
------------------------------
Skipping analysis of frame 52
------------------------------
Skipping analysis of frame 53
------------------------------
Skipping analysis of frame 54
------------------------------
Skipping analysis of frame 55
------------------------------
Skipping analysis of frame 56
------------------------------
Skipping analysis of frame 57
------------------------------
Skipping analysis of frame 58
------------------------------
Skipping analysis of frame 59
------------------------------
Skipping analysis of frame 60
------------------------------
Skipping analysis of frame 61
------------------------------
Skipping analysis of frame 62
------------------------------
Skipping analysis of frame 63
------------------------------
Skipping analysis of frame 64
------------------------------
Skipping analysis of frame 65
------------------------------
Skipping analysis of frame 66
------------------------------
Skipping analysis of frame 67
------------------------------
Skipping analysis of frame 68
------------------------------
Skipping analysis of frame 69
------------------------------
Skipping analysis of frame 70
------------------------------
Skipping analysis of frame 71
------------------------------
Skipping analysis of frame 72
------------------------------
Skipping analysis of frame 73
------------------------------
Skipping analysis of frame 74
------------------------------
Skipping analysis of frame 75
------------------------------
Skipping analysis of frame 76
------------------------------
Skipping analysis of frame 77
------------------------------
Skipping analysis of frame 78
------------------------------
Skipping analysis of frame 79
------------------------------
Skipping analysis of frame 80
------------------------------
Skipping analysis of frame 81
------------------------------
Skipping analysis of frame 82
------------------------------
Skipping analysis of frame 83
------------------------------
Skipping analysis of frame 84
------------------------------
Skipping analysis of frame 85
------------------------------
Skipping analysis of frame 86
------------------------------
Skipping analysis of frame 87
------------------------------
Skipping analysis of frame 88
------------------------------
Skipping analysis of frame 89
------------------------------
Skipping analysis of frame 90
------------------------------
Skipping analysis of frame 91
------------------------------
Skipping analysis of frame 92
------------------------------
Skipping analysis of frame 93
------------------------------
Skipping analysis of frame 94
------------------------------
Skipping analysis of frame 95
------------------------------
Skipping analysis of frame 96
------------------------------
Skipping analysis of frame 97
------------------------------
Skipping analysis of frame 98
------------------------------
Skipping analysis of frame 99
------------------------------
Skipping analysis of frame 100
------------------------------
Skipping analysis of frame 101
------------------------------
Skipping analysis of frame 102
------------------------------
Skipping analysis of frame 103
------------------------------
Skipping analysis of frame 104
------------------------------
Skipping analysis of frame 105
------------------------------
Skipping analysis of frame 106
------------------------------
Skipping analysis of frame 107
------------------------------
Skipping analysis of frame 108
------------------------------
Skipping analysis of frame 109
------------------------------
Skipping analysis of frame 110
------------------------------
Skipping analysis of frame 111
------------------------------
Skipping analysis of frame 112
------------------------------
Skipping analysis of frame 113
------------------------------
Skipping analysis of frame 114
------------------------------
Skipping analysis of frame 115
------------------------------
Skipping analysis of frame 116
------------------------------
Skipping analysis of frame 117
------------------------------
Skipping analysis of frame 118
------------------------------
Skipping analysis of frame 119
------------------------------
Skipping analysis of frame 120
------------------------------
Skipping analysis of frame 121
------------------------------
Skipping analysis of frame 122
------------------------------
Skipping analysis of frame 123
------------------------------
Skipping analysis of frame 124
------------------------------
Skipping analysis of frame 125
------------------------------
Skipping analysis of frame 126
------------------------------
Skipping analysis of frame 127
------------------------------
Skipping analysis of frame 128
------------------------------
Skipping analysis of frame 129
------------------------------
Skipping analysis of frame 130
------------------------------
Skipping analysis of frame 131
------------------------------
Skipping analysis of frame 132
------------------------------
Skipping analysis of frame 133
------------------------------
Skipping analysis of frame 134
------------------------------
Skipping analysis of frame 135
------------------------------
Skipping analysis of frame 136
------------------------------
Skipping analysis of frame 137
------------------------------
Skipping analysis of frame 138
------------------------------
Skipping analysis of frame 139
------------------------------
Skipping analysis of frame 140
------------------------------
Skipping analysis of frame 141
------------------------------
Skipping analysis of frame 142
------------------------------
Skipping analysis of frame 143
------------------------------
Skipping analysis of frame 144
------------------------------
Skipping analysis of frame 145
------------------------------
Skipping analysis of frame 146
------------------------------
Skipping analysis of frame 147
------------------------------
Skipping analysis of frame 148
------------------------------
Skipping analysis of frame 149
------------------------------
Skipping analysis of frame 150
------------------------------
Skipping analysis of frame 151
------------------------------
Skipping analysis of frame 152
------------------------------
Skipping analysis of frame 153
------------------------------
Skipping analysis of frame 154
------------------------------
Skipping analysis of frame 155
------------------------------
Skipping analysis of frame 156
------------------------------
Skipping analysis of frame 157
------------------------------
Skipping analysis of frame 158
------------------------------
Skipping analysis of frame 159
------------------------------
Skipping analysis of frame 160
------------------------------
Skipping analysis of frame 161
------------------------------
Skipping analysis of frame 162
------------------------------
Skipping analysis of frame 163
------------------------------
Skipping analysis of frame 164
------------------------------
Skipping analysis of frame 165
------------------------------
Skipping analysis of frame 166
------------------------------
Skipping analysis of frame 167
------------------------------
Skipping analysis of frame 168
------------------------------
Skipping analysis of frame 169
------------------------------
Skipping analysis of frame 170
------------------------------
Skipping analysis of frame 171
------------------------------
Skipping analysis of frame 172
------------------------------
Skipping analysis of frame 173
------------------------------
Skipping analysis of frame 174
------------------------------
Skipping analysis of frame 175
------------------------------
Skipping analysis of frame 176
------------------------------
Skipping analysis of frame 177
------------------------------
Skipping analysis of frame 178
------------------------------
Skipping analysis of frame 179
------------------------------
Skipping analysis of frame 180
