------------------------------
Generating mask for frame 1
Generating gray mask
Number of objects before isolation: 5
Size index: 3
Closest object index: 1
Lowest pixel average object index: 3
Most significant object index: 3
Final object index: 3
Gray mask generated
Generating edge mask
Number of objects before isolation: 11
Size index: 4
Closest object index: 1
Lowest pixel average object index: 4
Most significant object index: 4
Final object index: 4
Edge mask generated
Final mask assigned for frame 1
<a href="matlab: opentoline('D:\Aditya\Research Stuff\TEMA Replacement\main\bubbleIsolation.m',128,1)">128 </a>    wtBr.Value = f/depth;
imshow(finalImage)
if system_dependent('IsDebugMode')==1, dbstep; end
if system_dependent('IsDebugMode')==1, dbcont; end
------------------------------
Generating mask for frame 2
Generating gray mask
Number of objects before isolation: 4
Size index: 3
Closest object index: 1
Lowest pixel average object index: 3
Most significant object index: 3
Final object index: 3
Gray mask generated
Generating edge mask
Number of objects before isolation: 2
Size index: 2
Closest object index: 1
Lowest pixel average object index: 2
Most significant object index: 2
Final object index: 2
Edge mask generated
Final mask assigned for frame 2
if system_dependent('IsDebugMode')==1, dbcont; end
------------------------------
Generating mask for frame 3
Generating gray mask
Number of objects before isolation: 1
Gray mask generated
Generating edge mask
Number of objects before isolation: 1
Edge mask generated
Final mask assigned for frame 3
if system_dependent('IsDebugMode')==1, dbcont; end
------------------------------
Generating mask for frame 4
Generating gray mask
Number of objects before isolation: 1
Gray mask generated
Generating edge mask
Number of objects before isolation: 4
Size index: 2
Closest object index: 1
Lowest pixel average object index: 2
Most significant object index: 2
Final object index: 2
Edge mask generated
{Not enough input arguments.

Error in <a href="matlab:matlab.internal.language.introspective.errorDocCallback('bubbleIsolation>isolateObject', 'D:\Aditya\Research Stuff\TEMA Replacement\main\bubbleIsolation.m', 205)" style="font-weight:bold">bubbleIsolation>isolateObject</a> (<a href="matlab: opentoline('D:\Aditya\Research Stuff\TEMA Replacement\main\bubbleIsolation.m',205,0)">line 205</a>)
if oldData.Size == 0

Error in <a href="matlab:matlab.internal.language.introspective.errorDocCallback('bubbleIsolation>maskLogic', 'D:\Aditya\Research Stuff\TEMA Replacement\main\bubbleIsolation.m', 277)" style="font-weight:bold">bubbleIsolation>maskLogic</a> (<a href="matlab: opentoline('D:\Aditya\Research Stuff\TEMA Replacement\main\bubbleIsolation.m',277,0)">line 277</a>)
    finalImage = isolateObject(logical(higherCircularityMask + lowerCircularityMask), targetImage);

Error in <a href="matlab:matlab.internal.language.introspective.errorDocCallback('bubbleIsolation', 'D:\Aditya\Research Stuff\TEMA Replacement\main\bubbleIsolation.m', 86)" style="font-weight:bold">bubbleIsolation</a> (<a href="matlab: opentoline('D:\Aditya\Research Stuff\TEMA Replacement\main\bubbleIsolation.m',86,0)">line 86</a>)
                finalImage = maskLogic(grayImage, edgeImage, targetImage);

Error in <a href="matlab:matlab.internal.language.introspective.errorDocCallback('InCA/BeginBubbleDetectionButtonPushed', 'D:\Aditya\Research Stuff\TEMA Replacement\InCA.mlapp', 442)" style="font-weight:bold">InCA/BeginBubbleDetectionButtonPushed</a> (<a href="matlab: opentoline('D:\Aditya\Research Stuff\TEMA Replacement\InCA.mlapp',442,0)">line 442</a>)
            app.mask = bubbleIsolation(app, app.frames);
} 
if system_dependent('IsDebugMode')==1, dbquit; end
