Beginning Frame Preprocessing
User input selection: 
Sharpen frames before detection: 1
Soften frames before detection: 0
Filter strength: 1
Sharpening frame: 1
Complete
Sharpening frame: 2
Complete
Sharpening frame: 3
Complete
Sharpening frame: 4
Complete
Sharpening frame: 5
Complete
Sharpening frame: 6
Complete
Sharpening frame: 7
Complete
Sharpening frame: 8
Complete
Sharpening frame: 9
Complete
Sharpening frame: 10
Complete
Sharpening frame: 11
Complete
Sharpening frame: 12
Complete
Sharpening frame: 13
Complete
Sharpening frame: 14
Complete
Sharpening frame: 15
Complete
Sharpening frame: 16
Complete
Sharpening frame: 17
Complete
Sharpening frame: 18
Complete
Sharpening frame: 19
Complete
Sharpening frame: 20
Complete
Sharpening frame: 21
Complete
Sharpening frame: 22
Complete
Sharpening frame: 23
Complete
Sharpening frame: 24
Complete
Sharpening frame: 25
Complete
Sharpening frame: 26
Complete
Sharpening frame: 27
Complete
Sharpening frame: 28
Complete
Sharpening frame: 29
Complete
Sharpening frame: 30
Complete
Sharpening frame: 31
Complete
Sharpening frame: 32
Complete
Sharpening frame: 33
Complete
Sharpening frame: 34
Complete
Sharpening frame: 35
Complete
Sharpening frame: 36
Complete
Sharpening frame: 37
Complete
Sharpening frame: 38
Complete
Sharpening frame: 39
Complete
Sharpening frame: 40
Complete
Sharpening frame: 41
Complete
Sharpening frame: 42
Complete
Sharpening frame: 43
Complete
Sharpening frame: 44
Complete
Sharpening frame: 45
Complete
Sharpening frame: 46
Complete
Sharpening frame: 47
Complete
Sharpening frame: 48
Complete
Sharpening frame: 49
Complete
Sharpening frame: 50
Complete
Sharpening frame: 51
Complete
Sharpening frame: 52
Complete
Sharpening frame: 53
Complete
Sharpening frame: 54
Complete
Sharpening frame: 55
Complete
Sharpening frame: 56
Complete
Sharpening frame: 57
Complete
Sharpening frame: 58
Complete
Sharpening frame: 59
Complete
Sharpening frame: 60
Complete
Sharpening frame: 61
Complete
Sharpening frame: 62
Complete
Sharpening frame: 63
Complete
Sharpening frame: 64
Complete
Sharpening frame: 65
Complete
Sharpening frame: 66
Complete
Sharpening frame: 67
Complete
Sharpening frame: 68
Complete
Sharpening frame: 69
Complete
Sharpening frame: 70
Complete
Sharpening frame: 71
Complete
Sharpening frame: 72
Complete
Sharpening frame: 73
Complete
Sharpening frame: 74
Complete
Sharpening frame: 75
Complete
Sharpening frame: 76
Complete
Sharpening frame: 77
Complete
Sharpening frame: 78
Complete
Sharpening frame: 79
Complete
Sharpening frame: 80
Complete
Sharpening frame: 81
Complete
Sharpening frame: 82
Complete
Sharpening frame: 83
Complete
Sharpening frame: 84
Complete
Sharpening frame: 85
Complete
Sharpening frame: 86
Complete
Sharpening frame: 87
Complete
Sharpening frame: 88
Complete
Sharpening frame: 89
Complete
Sharpening frame: 90
Complete
Sharpening frame: 91
Complete
Sharpening frame: 92
Complete
Sharpening frame: 93
Complete
Sharpening frame: 94
Complete
Sharpening frame: 95
Complete
Sharpening frame: 96
Complete
Sharpening frame: 97
Complete
Sharpening frame: 98
Complete
Sharpening frame: 99
Complete
Sharpening frame: 100
Complete
Sharpening frame: 101
Complete
Sharpening frame: 102
Complete
Sharpening frame: 103
Complete
Sharpening frame: 104
Complete
Sharpening frame: 105
Complete
Sharpening frame: 106
Complete
Sharpening frame: 107
Complete
Sharpening frame: 108
Complete
Sharpening frame: 109
Complete
Sharpening frame: 110
Complete
Sharpening frame: 111
Complete
Sharpening frame: 112
Complete
Sharpening frame: 113
Complete
Sharpening frame: 114
Complete
Sharpening frame: 115
Complete
Sharpening frame: 116
Complete
Sharpening frame: 117
Complete
Sharpening frame: 118
Complete
Sharpening frame: 119
Complete
Sharpening frame: 120
Complete
Sharpening frame: 121
Complete
Sharpening frame: 122
Complete
Sharpening frame: 123
Complete
Sharpening frame: 124
Complete
Sharpening frame: 125
Complete
Sharpening frame: 126
Complete
Sharpening frame: 127
Complete
Sharpening frame: 128
Complete
Sharpening frame: 129
Complete
Sharpening frame: 130
Complete
Sharpening frame: 131
Complete
Sharpening frame: 132
Complete
Sharpening frame: 133
Complete
Sharpening frame: 134
Complete
Sharpening frame: 135
Complete
Sharpening frame: 136
Complete
Sharpening frame: 137
Complete
Sharpening frame: 138
Complete
Sharpening frame: 139
Complete
Sharpening frame: 140
Complete
Sharpening frame: 141
Complete
Sharpening frame: 142
Complete
Sharpening frame: 143
Complete
Sharpening frame: 144
Complete
Sharpening frame: 145
Complete
Sharpening frame: 146
Complete
Sharpening frame: 147
Complete
Sharpening frame: 148
Complete
Sharpening frame: 149
Complete
Sharpening frame: 150
Complete
Sharpening frame: 151
Complete
Sharpening frame: 152
Complete
Sharpening frame: 153
Complete
Sharpening frame: 154
Complete
Sharpening frame: 155
Complete
Sharpening frame: 156
Complete
Sharpening frame: 157
Complete
Sharpening frame: 158
Complete
Sharpening frame: 159
Complete
Sharpening frame: 160
Complete
Sharpening frame: 161
Complete
Sharpening frame: 162
Complete
Sharpening frame: 163
Complete
Sharpening frame: 164
Complete
Sharpening frame: 165
Complete
Sharpening frame: 166
Complete
Sharpening frame: 167
Complete
Sharpening frame: 168
Complete
Sharpening frame: 169
Complete
Sharpening frame: 170
Complete
Sharpening frame: 171
Complete
Sharpening frame: 172
Complete
Sharpening frame: 173
Complete
Sharpening frame: 174
Complete
Sharpening frame: 175
Complete
Sharpening frame: 176
Complete
Sharpening frame: 177
Complete
Sharpening frame: 178
Complete
Sharpening frame: 179
Complete
Sharpening frame: 180
Complete
