------------------------------
Comparing masks for frame: 1
Forward mask empty. Using reverse mask
------------------------------
Comparing masks for frame: 2
Using logical combination of both masks
------------------------------
Comparing masks for frame: 3
Using logical combination of both masks
------------------------------
Comparing masks for frame: 4
Using logical combination of both masks
------------------------------
Comparing masks for frame: 5
Using logical combination of both masks
------------------------------
Comparing masks for frame: 6
Using logical combination of both masks
------------------------------
Comparing masks for frame: 7
Using logical combination of both masks
------------------------------
Comparing masks for frame: 8
Using logical combination of both masks
------------------------------
Comparing masks for frame: 9
Using logical combination of both masks
------------------------------
Comparing masks for frame: 10
Using logical combination of both masks
------------------------------
Comparing masks for frame: 11
Using logical combination of both masks
------------------------------
Comparing masks for frame: 12
Using logical combination of both masks
------------------------------
Comparing masks for frame: 13
Using logical combination of both masks
------------------------------
Comparing masks for frame: 14
Using logical combination of both masks
------------------------------
Comparing masks for frame: 15
Using logical combination of both masks
------------------------------
Comparing masks for frame: 16
Using logical combination of both masks
------------------------------
Comparing masks for frame: 17
Forward mask empty. Using reverse mask
------------------------------
Comparing masks for frame: 18
Forward mask empty. Using reverse mask
------------------------------
Comparing masks for frame: 19
Forward mask empty. Using reverse mask
------------------------------
Comparing masks for frame: 20
Forward mask empty. Using reverse mask
------------------------------
Comparing masks for frame: 21
Forward mask empty. Using reverse mask
------------------------------
Comparing masks for frame: 22
Using logical combination of both masks
------------------------------
Comparing masks for frame: 23
Using logical combination of both masks
------------------------------
Comparing masks for frame: 24
Using logical combination of both masks
------------------------------
Comparing masks for frame: 25
Using logical combination of both masks
------------------------------
Comparing masks for frame: 26
Using logical combination of both masks
------------------------------
Comparing masks for frame: 27
Using logical combination of both masks
------------------------------
Comparing masks for frame: 28
Using logical combination of both masks
------------------------------
Comparing masks for frame: 29
Using logical combination of both masks
------------------------------
Comparing masks for frame: 30
Forward mask empty. Using reverse mask
------------------------------
Comparing masks for frame: 31
Using logical combination of both masks
------------------------------
Comparing masks for frame: 32
Using logical combination of both masks
------------------------------
Comparing masks for frame: 33
Using logical combination of both masks
------------------------------
Comparing masks for frame: 34
Using logical combination of both masks
------------------------------
Comparing masks for frame: 35
Using logical combination of both masks
------------------------------
Comparing masks for frame: 36
Using logical combination of both masks
------------------------------
Comparing masks for frame: 37
Using logical combination of both masks
------------------------------
Comparing masks for frame: 38
Using logical combination of both masks
------------------------------
Comparing masks for frame: 39
Using logical combination of both masks
------------------------------
Comparing masks for frame: 40
Using logical combination of both masks
------------------------------
Comparing masks for frame: 41
Forward mask empty. Using reverse mask
------------------------------
Comparing masks for frame: 42
Using logical combination of both masks
------------------------------
Comparing masks for frame: 43
Using logical combination of both masks
------------------------------
Comparing masks for frame: 44
Using logical combination of both masks
------------------------------
Comparing masks for frame: 45
Using logical combination of both masks
------------------------------
Comparing masks for frame: 46
Using logical combination of both masks
------------------------------
Comparing masks for frame: 47
Using logical combination of both masks
------------------------------
Comparing masks for frame: 48
Using logical combination of both masks
------------------------------
Comparing masks for frame: 49
Using logical combination of both masks
------------------------------
Comparing masks for frame: 50
Using logical combination of both masks
------------------------------
Comparing masks for frame: 51
Forward mask empty. Using reverse mask
------------------------------
Comparing masks for frame: 52
Using logical combination of both masks
------------------------------
Comparing masks for frame: 53
Using logical combination of both masks
------------------------------
Comparing masks for frame: 54
Using logical combination of both masks
------------------------------
Comparing masks for frame: 55
Using logical combination of both masks
------------------------------
Comparing masks for frame: 56
Using logical combination of both masks
------------------------------
Comparing masks for frame: 57
Using logical combination of both masks
------------------------------
Comparing masks for frame: 58
Using logical combination of both masks
------------------------------
Comparing masks for frame: 59
Using logical combination of both masks
------------------------------
Comparing masks for frame: 60
Forward mask empty. Using reverse mask
------------------------------
Comparing masks for frame: 61
Forward mask empty. Using reverse mask
------------------------------
Comparing masks for frame: 62
Forward mask empty. Using reverse mask
------------------------------
Comparing masks for frame: 63
Using logical combination of both masks
------------------------------
Comparing masks for frame: 64
Using logical combination of both masks
------------------------------
Comparing masks for frame: 65
Using logical combination of both masks
------------------------------
Comparing masks for frame: 66
Using logical combination of both masks
------------------------------
Comparing masks for frame: 67
Using logical combination of both masks
------------------------------
Comparing masks for frame: 68
Using logical combination of both masks
------------------------------
Comparing masks for frame: 69
Using logical combination of both masks
------------------------------
Comparing masks for frame: 70
Using logical combination of both masks
------------------------------
Comparing masks for frame: 71
Using logical combination of both masks
------------------------------
Comparing masks for frame: 72
Using logical combination of both masks
------------------------------
Comparing masks for frame: 73
Using logical combination of both masks
------------------------------
Comparing masks for frame: 74
Using logical combination of both masks
------------------------------
Comparing masks for frame: 75
Using logical combination of both masks
------------------------------
Comparing masks for frame: 76
Using logical combination of both masks
------------------------------
Comparing masks for frame: 77
Using logical combination of both masks
------------------------------
Comparing masks for frame: 78
Using logical combination of both masks
------------------------------
Comparing masks for frame: 79
Using logical combination of both masks
------------------------------
Comparing masks for frame: 80
Using logical combination of both masks
------------------------------
Comparing masks for frame: 81
Using logical combination of both masks
------------------------------
Comparing masks for frame: 82
Using logical combination of both masks
------------------------------
Comparing masks for frame: 83
Using logical combination of both masks
------------------------------
Comparing masks for frame: 84
Using logical combination of both masks
------------------------------
Comparing masks for frame: 85
Using logical combination of both masks
------------------------------
Comparing masks for frame: 86
Using logical combination of both masks
------------------------------
Comparing masks for frame: 87
Using logical combination of both masks
------------------------------
Comparing masks for frame: 88
Using logical combination of both masks
------------------------------
Comparing masks for frame: 89
Using logical combination of both masks
------------------------------
Comparing masks for frame: 90
Using logical combination of both masks
------------------------------
Comparing masks for frame: 91
Using logical combination of both masks
------------------------------
Comparing masks for frame: 92
Using logical combination of both masks
------------------------------
Comparing masks for frame: 93
Using logical combination of both masks
------------------------------
Comparing masks for frame: 94
Using logical combination of both masks
------------------------------
Comparing masks for frame: 95
Using logical combination of both masks
------------------------------
Comparing masks for frame: 96
Using logical combination of both masks
------------------------------
Comparing masks for frame: 97
Using logical combination of both masks
------------------------------
Comparing masks for frame: 98
Using logical combination of both masks
------------------------------
Comparing masks for frame: 99
Using logical combination of both masks
------------------------------
Comparing masks for frame: 100
Using logical combination of both masks
------------------------------
Comparing masks for frame: 101
Using logical combination of both masks
------------------------------
Comparing masks for frame: 102
Using logical combination of both masks
------------------------------
Comparing masks for frame: 103
Using logical combination of both masks
------------------------------
Comparing masks for frame: 104
Using logical combination of both masks
------------------------------
Comparing masks for frame: 105
Using logical combination of both masks
------------------------------
Comparing masks for frame: 106
Using logical combination of both masks
------------------------------
Comparing masks for frame: 107
Using logical combination of both masks
------------------------------
Comparing masks for frame: 108
Using logical combination of both masks
------------------------------
Comparing masks for frame: 109
Using logical combination of both masks
------------------------------
Comparing masks for frame: 110
Using logical combination of both masks
------------------------------
Comparing masks for frame: 111
Using logical combination of both masks
------------------------------
Comparing masks for frame: 112
Using logical combination of both masks
------------------------------
Comparing masks for frame: 113
Using logical combination of both masks
------------------------------
Comparing masks for frame: 114
Using logical combination of both masks
------------------------------
Comparing masks for frame: 115
Using logical combination of both masks
------------------------------
Comparing masks for frame: 116
Using logical combination of both masks
------------------------------
Comparing masks for frame: 117
Using logical combination of both masks
------------------------------
Comparing masks for frame: 118
Using logical combination of both masks
------------------------------
Comparing masks for frame: 119
Using logical combination of both masks
------------------------------
Comparing masks for frame: 120
Using logical combination of both masks
------------------------------
Comparing masks for frame: 121
Using logical combination of both masks
------------------------------
Comparing masks for frame: 122
Using logical combination of both masks
------------------------------
Comparing masks for frame: 123
Using logical combination of both masks
------------------------------
Comparing masks for frame: 124
Using logical combination of both masks
------------------------------
Comparing masks for frame: 125
Using logical combination of both masks
------------------------------
Comparing masks for frame: 126
Using logical combination of both masks
------------------------------
Comparing masks for frame: 127
Using logical combination of both masks
------------------------------
Comparing masks for frame: 128
Using logical combination of both masks
------------------------------
Comparing masks for frame: 129
Using logical combination of both masks
------------------------------
Comparing masks for frame: 130
Using logical combination of both masks
------------------------------
Comparing masks for frame: 131
Using logical combination of both masks
------------------------------
Comparing masks for frame: 132
Using logical combination of both masks
------------------------------
Comparing masks for frame: 133
Using logical combination of both masks
------------------------------
Comparing masks for frame: 134
Using logical combination of both masks
------------------------------
Comparing masks for frame: 135
Using logical combination of both masks
------------------------------
Comparing masks for frame: 136
Using logical combination of both masks
------------------------------
Comparing masks for frame: 137
Using logical combination of both masks
------------------------------
Comparing masks for frame: 138
Using logical combination of both masks
------------------------------
Comparing masks for frame: 139
Using logical combination of both masks
------------------------------
Comparing masks for frame: 140
Using logical combination of both masks
------------------------------
Comparing masks for frame: 141
Using logical combination of both masks
------------------------------
Comparing masks for frame: 142
Using logical combination of both masks
------------------------------
Comparing masks for frame: 143
Using logical combination of both masks
------------------------------
Comparing masks for frame: 144
Using logical combination of both masks
------------------------------
Comparing masks for frame: 145
Using logical combination of both masks
------------------------------
Comparing masks for frame: 146
Using logical combination of both masks
------------------------------
Comparing masks for frame: 147
Using logical combination of both masks
------------------------------
Comparing masks for frame: 148
Using logical combination of both masks
------------------------------
Comparing masks for frame: 149
Using logical combination of both masks
------------------------------
Comparing masks for frame: 150
Using logical combination of both masks
------------------------------
Comparing masks for frame: 151
Using logical combination of both masks
------------------------------
Comparing masks for frame: 152
Using the more circular mask
------------------------------
Comparing masks for frame: 153
Using logical combination of both masks
------------------------------
Comparing masks for frame: 154
Using the more circular mask
------------------------------
Comparing masks for frame: 155
Using logical combination of both masks
------------------------------
Comparing masks for frame: 156
Using logical combination of both masks
------------------------------
Comparing masks for frame: 157
Using logical combination of both masks
------------------------------
Comparing masks for frame: 158
Using logical combination of both masks
------------------------------
Comparing masks for frame: 159
Using the more circular mask
------------------------------
Comparing masks for frame: 160
Using logical combination of both masks
------------------------------
Comparing masks for frame: 161
Using logical combination of both masks
------------------------------
Comparing masks for frame: 162
Using logical combination of both masks
------------------------------
Comparing masks for frame: 163
Using logical combination of both masks
------------------------------
Comparing masks for frame: 164
Using logical combination of both masks
------------------------------
Comparing masks for frame: 165
Using logical combination of both masks
------------------------------
Comparing masks for frame: 166
Using logical combination of both masks
------------------------------
Comparing masks for frame: 167
Using logical combination of both masks
------------------------------
Comparing masks for frame: 168
Using logical combination of both masks
------------------------------
Comparing masks for frame: 169
Using logical combination of both masks
------------------------------
Comparing masks for frame: 170
Using logical combination of both masks
------------------------------
Comparing masks for frame: 171
Using logical combination of both masks
------------------------------
Comparing masks for frame: 172
Using the more circular mask
------------------------------
Comparing masks for frame: 173
Using logical combination of both masks
------------------------------
Comparing masks for frame: 174
Using logical combination of both masks
------------------------------
Comparing masks for frame: 175
Using logical combination of both masks
------------------------------
Comparing masks for frame: 176
Using logical combination of both masks
------------------------------
Comparing masks for frame: 177
Using logical combination of both masks
------------------------------
Comparing masks for frame: 178
Using logical combination of both masks
------------------------------
Comparing masks for frame: 179
Using logical combination of both masks
------------------------------
Comparing masks for frame: 180
Using logical combination of both masks
